24-06-07.21:10:19.878 [main            ] INFO  Application            - Starting Application using Java 17.0.8 on wjh with PID 4612 (D:\documents\javaproject2\dynamic-thread-pool\dynamic-thread-pool-test\target\classes started by wjh13 in D:\documents\javaproject2\dynamic-thread-pool)
24-06-07.21:10:19.879 [main            ] INFO  Application            - The following 1 profile is active: "dev"
24-06-07.21:10:20.547 [main            ] INFO  RepositoryConfigurationDelegate - Multiple Spring Data modules found, entering strict repository configuration mode
24-06-07.21:10:20.548 [main            ] INFO  RepositoryConfigurationDelegate - Bootstrapping Spring Data Redis repositories in DEFAULT mode.
24-06-07.21:10:20.565 [main            ] INFO  RepositoryConfigurationDelegate - Finished Spring Data repository scanning in 4 ms. Found 0 Redis repository interfaces.
24-06-07.21:10:21.005 [main            ] INFO  TomcatWebServer        - Tomcat initialized with port(s): 8091 (http)
24-06-07.21:10:21.005 [main            ] INFO  AprLifecycleListener   - Loaded Apache Tomcat Native library [1.2.39] using APR version [1.7.4].
24-06-07.21:10:21.005 [main            ] INFO  AprLifecycleListener   - APR capabilities: IPv6 [true], sendfile [true], accept filters [false], random [true], UDS [true].
24-06-07.21:10:21.005 [main            ] INFO  AprLifecycleListener   - APR/OpenSSL configuration: useAprConnector [false], useOpenSSL [true]
24-06-07.21:10:21.018 [main            ] INFO  AprLifecycleListener   - OpenSSL successfully initialized [OpenSSL 3.0.11 19 Sep 2023]
24-06-07.21:10:21.023 [main            ] INFO  Http11NioProtocol      - Initializing ProtocolHandler ["http-nio-8091"]
24-06-07.21:10:21.023 [main            ] INFO  StandardService        - Starting service [Tomcat]
24-06-07.21:10:21.023 [main            ] INFO  StandardEngine         - Starting Servlet engine: [Apache Tomcat/9.0.75]
24-06-07.21:10:21.096 [main            ] INFO  [/]                    - Initializing Spring embedded WebApplicationContext
24-06-07.21:10:21.096 [main            ] INFO  ServletWebServerApplicationContext - Root WebApplicationContext: initialization completed in 1174 ms
24-06-07.21:12:51.268 [main            ] INFO  DynamicThreadPoolAutoConfig - threadPoolExecutor01
24-06-07.21:12:58.880 [main            ] INFO  DynamicThreadPoolAutoConfig - threadPoolExecutor02
24-06-07.21:13:05.519 [main            ] INFO  Version                - Redisson 3.26.0
24-06-07.21:13:10.345 [main            ] WARN  AnnotationConfigServletWebServerApplicationContext - Exception encountered during context initialization - cancelling refresh attempt: org.springframework.beans.factory.UnsatisfiedDependencyException: Error creating bean with name 'redisTemplate' defined in class path resource [org/redisson/spring/starter/RedissonAutoConfigurationV2.class]: Unsatisfied dependency expressed through method 'redisTemplate' parameter 0; nested exception is org.springframework.beans.factory.UnsatisfiedDependencyException: Error creating bean with name 'redissonConnectionFactory' defined in class path resource [org/redisson/spring/starter/RedissonAutoConfigurationV2.class]: Unsatisfied dependency expressed through method 'redissonConnectionFactory' parameter 0; nested exception is org.springframework.beans.factory.BeanCreationException: Error creating bean with name 'redisson' defined in class path resource [org/redisson/spring/starter/RedissonAutoConfigurationV2.class]: Bean instantiation via factory method failed; nested exception is org.springframework.beans.BeanInstantiationException: Failed to instantiate [org.redisson.api.RedissonClient]: Factory method 'redisson' threw exception; nested exception is org.redisson.client.RedisConnectionException: java.util.concurrent.ExecutionException: org.redisson.client.RedisConnectionException: Unable to connect to Redis server: localhost/127.0.0.1:6379
24-06-07.21:13:10.348 [main            ] INFO  StandardService        - Stopping service [Tomcat]
24-06-07.21:13:10.358 [main            ] INFO  ConditionEvaluationReportLoggingListener - 

Error starting ApplicationContext. To display the conditions report re-run your application with 'debug' enabled.
24-06-07.21:13:10.380 [main            ] ERROR SpringApplication      - Application run failed
org.springframework.beans.factory.UnsatisfiedDependencyException: Error creating bean with name 'redisTemplate' defined in class path resource [org/redisson/spring/starter/RedissonAutoConfigurationV2.class]: Unsatisfied dependency expressed through method 'redisTemplate' parameter 0; nested exception is org.springframework.beans.factory.UnsatisfiedDependencyException: Error creating bean with name 'redissonConnectionFactory' defined in class path resource [org/redisson/spring/starter/RedissonAutoConfigurationV2.class]: Unsatisfied dependency expressed through method 'redissonConnectionFactory' parameter 0; nested exception is org.springframework.beans.factory.BeanCreationException: Error creating bean with name 'redisson' defined in class path resource [org/redisson/spring/starter/RedissonAutoConfigurationV2.class]: Bean instantiation via factory method failed; nested exception is org.springframework.beans.BeanInstantiationException: Failed to instantiate [org.redisson.api.RedissonClient]: Factory method 'redisson' threw exception; nested exception is org.redisson.client.RedisConnectionException: java.util.concurrent.ExecutionException: org.redisson.client.RedisConnectionException: Unable to connect to Redis server: localhost/127.0.0.1:6379
	at org.springframework.beans.factory.support.ConstructorResolver.createArgumentArray(ConstructorResolver.java:800)
	at org.springframework.beans.factory.support.ConstructorResolver.instantiateUsingFactoryMethod(ConstructorResolver.java:541)
	at org.springframework.beans.factory.support.AbstractAutowireCapableBeanFactory.instantiateUsingFactoryMethod(AbstractAutowireCapableBeanFactory.java:1352)
	at org.springframework.beans.factory.support.AbstractAutowireCapableBeanFactory.createBeanInstance(AbstractAutowireCapableBeanFactory.java:1195)
	at org.springframework.beans.factory.support.AbstractAutowireCapableBeanFactory.doCreateBean(AbstractAutowireCapableBeanFactory.java:582)
	at org.springframework.beans.factory.support.AbstractAutowireCapableBeanFactory.createBean(AbstractAutowireCapableBeanFactory.java:542)
	at org.springframework.beans.factory.support.AbstractBeanFactory.lambda$doGetBean$0(AbstractBeanFactory.java:335)
	at org.springframework.beans.factory.support.DefaultSingletonBeanRegistry.getSingleton(DefaultSingletonBeanRegistry.java:234)
	at org.springframework.beans.factory.support.AbstractBeanFactory.doGetBean(AbstractBeanFactory.java:333)
	at org.springframework.beans.factory.support.AbstractBeanFactory.getBean(AbstractBeanFactory.java:208)
	at org.springframework.beans.factory.support.DefaultListableBeanFactory.preInstantiateSingletons(DefaultListableBeanFactory.java:955)
	at org.springframework.context.support.AbstractApplicationContext.finishBeanFactoryInitialization(AbstractApplicationContext.java:920)
	at org.springframework.context.support.AbstractApplicationContext.refresh(AbstractApplicationContext.java:583)
	at org.springframework.boot.web.servlet.context.ServletWebServerApplicationContext.refresh(ServletWebServerApplicationContext.java:147)
	at org.springframework.boot.SpringApplication.refresh(SpringApplication.java:731)
	at org.springframework.boot.SpringApplication.refreshContext(SpringApplication.java:408)
	at org.springframework.boot.SpringApplication.run(SpringApplication.java:307)
	at org.springframework.boot.SpringApplication.run(SpringApplication.java:1303)
	at org.springframework.boot.SpringApplication.run(SpringApplication.java:1292)
	at cn.jh.Application.main(Application.java:11)
Caused by: org.springframework.beans.factory.UnsatisfiedDependencyException: Error creating bean with name 'redissonConnectionFactory' defined in class path resource [org/redisson/spring/starter/RedissonAutoConfigurationV2.class]: Unsatisfied dependency expressed through method 'redissonConnectionFactory' parameter 0; nested exception is org.springframework.beans.factory.BeanCreationException: Error creating bean with name 'redisson' defined in class path resource [org/redisson/spring/starter/RedissonAutoConfigurationV2.class]: Bean instantiation via factory method failed; nested exception is org.springframework.beans.BeanInstantiationException: Failed to instantiate [org.redisson.api.RedissonClient]: Factory method 'redisson' threw exception; nested exception is org.redisson.client.RedisConnectionException: java.util.concurrent.ExecutionException: org.redisson.client.RedisConnectionException: Unable to connect to Redis server: localhost/127.0.0.1:6379
	at org.springframework.beans.factory.support.ConstructorResolver.createArgumentArray(ConstructorResolver.java:800)
	at org.springframework.beans.factory.support.ConstructorResolver.instantiateUsingFactoryMethod(ConstructorResolver.java:541)
	at org.springframework.beans.factory.support.AbstractAutowireCapableBeanFactory.instantiateUsingFactoryMethod(AbstractAutowireCapableBeanFactory.java:1352)
	at org.springframework.beans.factory.support.AbstractAutowireCapableBeanFactory.createBeanInstance(AbstractAutowireCapableBeanFactory.java:1195)
	at org.springframework.beans.factory.support.AbstractAutowireCapableBeanFactory.doCreateBean(AbstractAutowireCapableBeanFactory.java:582)
	at org.springframework.beans.factory.support.AbstractAutowireCapableBeanFactory.createBean(AbstractAutowireCapableBeanFactory.java:542)
	at org.springframework.beans.factory.support.AbstractBeanFactory.lambda$doGetBean$0(AbstractBeanFactory.java:335)
	at org.springframework.beans.factory.support.DefaultSingletonBeanRegistry.getSingleton(DefaultSingletonBeanRegistry.java:234)
	at org.springframework.beans.factory.support.AbstractBeanFactory.doGetBean(AbstractBeanFactory.java:333)
	at org.springframework.beans.factory.support.AbstractBeanFactory.getBean(AbstractBeanFactory.java:208)
	at org.springframework.beans.factory.config.DependencyDescriptor.resolveCandidate(DependencyDescriptor.java:276)
	at org.springframework.beans.factory.support.DefaultListableBeanFactory.doResolveDependency(DefaultListableBeanFactory.java:1391)
	at org.springframework.beans.factory.support.DefaultListableBeanFactory.resolveDependency(DefaultListableBeanFactory.java:1311)
	at org.springframework.beans.factory.support.ConstructorResolver.resolveAutowiredArgument(ConstructorResolver.java:887)
	at org.springframework.beans.factory.support.ConstructorResolver.createArgumentArray(ConstructorResolver.java:791)
	... 19 common frames omitted
Caused by: org.springframework.beans.factory.BeanCreationException: Error creating bean with name 'redisson' defined in class path resource [org/redisson/spring/starter/RedissonAutoConfigurationV2.class]: Bean instantiation via factory method failed; nested exception is org.springframework.beans.BeanInstantiationException: Failed to instantiate [org.redisson.api.RedissonClient]: Factory method 'redisson' threw exception; nested exception is org.redisson.client.RedisConnectionException: java.util.concurrent.ExecutionException: org.redisson.client.RedisConnectionException: Unable to connect to Redis server: localhost/127.0.0.1:6379
	at org.springframework.beans.factory.support.ConstructorResolver.instantiate(ConstructorResolver.java:658)
	at org.springframework.beans.factory.support.ConstructorResolver.instantiateUsingFactoryMethod(ConstructorResolver.java:486)
	at org.springframework.beans.factory.support.AbstractAutowireCapableBeanFactory.instantiateUsingFactoryMethod(AbstractAutowireCapableBeanFactory.java:1352)
	at org.springframework.beans.factory.support.AbstractAutowireCapableBeanFactory.createBeanInstance(AbstractAutowireCapableBeanFactory.java:1195)
	at org.springframework.beans.factory.support.AbstractAutowireCapableBeanFactory.doCreateBean(AbstractAutowireCapableBeanFactory.java:582)
	at org.springframework.beans.factory.support.AbstractAutowireCapableBeanFactory.createBean(AbstractAutowireCapableBeanFactory.java:542)
	at org.springframework.beans.factory.support.AbstractBeanFactory.lambda$doGetBean$0(AbstractBeanFactory.java:335)
	at org.springframework.beans.factory.support.DefaultSingletonBeanRegistry.getSingleton(DefaultSingletonBeanRegistry.java:234)
	at org.springframework.beans.factory.support.AbstractBeanFactory.doGetBean(AbstractBeanFactory.java:333)
	at org.springframework.beans.factory.support.AbstractBeanFactory.getBean(AbstractBeanFactory.java:208)
	at org.springframework.beans.factory.config.DependencyDescriptor.resolveCandidate(DependencyDescriptor.java:276)
	at org.springframework.beans.factory.support.DefaultListableBeanFactory.doResolveDependency(DefaultListableBeanFactory.java:1391)
	at org.springframework.beans.factory.support.DefaultListableBeanFactory.resolveDependency(DefaultListableBeanFactory.java:1311)
	at org.springframework.beans.factory.support.ConstructorResolver.resolveAutowiredArgument(ConstructorResolver.java:887)
	at org.springframework.beans.factory.support.ConstructorResolver.createArgumentArray(ConstructorResolver.java:791)
	... 33 common frames omitted
Caused by: org.springframework.beans.BeanInstantiationException: Failed to instantiate [org.redisson.api.RedissonClient]: Factory method 'redisson' threw exception; nested exception is org.redisson.client.RedisConnectionException: java.util.concurrent.ExecutionException: org.redisson.client.RedisConnectionException: Unable to connect to Redis server: localhost/127.0.0.1:6379
	at org.springframework.beans.factory.support.SimpleInstantiationStrategy.instantiate(SimpleInstantiationStrategy.java:185)
	at org.springframework.beans.factory.support.ConstructorResolver.instantiate(ConstructorResolver.java:653)
	... 47 common frames omitted
Caused by: org.redisson.client.RedisConnectionException: java.util.concurrent.ExecutionException: org.redisson.client.RedisConnectionException: Unable to connect to Redis server: localhost/127.0.0.1:6379
	at org.redisson.connection.MasterSlaveConnectionManager.doConnect(MasterSlaveConnectionManager.java:229)
	at org.redisson.connection.MasterSlaveConnectionManager.connect(MasterSlaveConnectionManager.java:196)
	at org.redisson.config.ConfigSupport.createConnectionManager(ConfigSupport.java:220)
	at org.redisson.Redisson.<init>(Redisson.java:71)
	at org.redisson.Redisson.create(Redisson.java:116)
	at org.redisson.spring.starter.RedissonAutoConfiguration.redisson(RedissonAutoConfiguration.java:330)
	at java.base/jdk.internal.reflect.NativeMethodAccessorImpl.invoke0(Native Method)
	at java.base/jdk.internal.reflect.NativeMethodAccessorImpl.invoke(NativeMethodAccessorImpl.java:77)
	at java.base/jdk.internal.reflect.DelegatingMethodAccessorImpl.invoke(DelegatingMethodAccessorImpl.java:43)
	at java.base/java.lang.reflect.Method.invoke(Method.java:568)
	at org.springframework.beans.factory.support.SimpleInstantiationStrategy.instantiate(SimpleInstantiationStrategy.java:154)
	... 48 common frames omitted
Caused by: java.util.concurrent.ExecutionException: org.redisson.client.RedisConnectionException: Unable to connect to Redis server: localhost/127.0.0.1:6379
	at java.base/java.util.concurrent.CompletableFuture.reportGet(CompletableFuture.java:396)
	at java.base/java.util.concurrent.CompletableFuture.get(CompletableFuture.java:2096)
	at org.redisson.connection.MasterSlaveConnectionManager.doConnect(MasterSlaveConnectionManager.java:225)
	... 58 common frames omitted
Caused by: org.redisson.client.RedisConnectionException: Unable to connect to Redis server: localhost/127.0.0.1:6379
	at org.redisson.connection.ConnectionsHolder.lambda$createConnection$1(ConnectionsHolder.java:183)
	at java.base/java.util.concurrent.CompletableFuture.uniWhenComplete(CompletableFuture.java:863)
	at java.base/java.util.concurrent.CompletableFuture$UniWhenComplete.tryFire(CompletableFuture.java:841)
	at java.base/java.util.concurrent.CompletableFuture.postComplete(CompletableFuture.java:510)
	at java.base/java.util.concurrent.CompletableFuture.completeExceptionally(CompletableFuture.java:2162)
	at org.redisson.connection.ConnectionsHolder.promiseFailure(ConnectionsHolder.java:218)
	at org.redisson.connection.ConnectionsHolder.lambda$createConnection$4(ConnectionsHolder.java:204)
	at java.base/java.util.concurrent.CompletableFuture.uniWhenComplete(CompletableFuture.java:863)
	at java.base/java.util.concurrent.CompletableFuture$UniWhenComplete.tryFire(CompletableFuture.java:841)
	at java.base/java.util.concurrent.CompletableFuture.postComplete(CompletableFuture.java:510)
	at java.base/java.util.concurrent.CompletableFuture.completeExceptionally(CompletableFuture.java:2162)
	at org.redisson.client.RedisClient$1$2.run(RedisClient.java:308)
	at io.netty.util.concurrent.AbstractEventExecutor.runTask$$$capture(AbstractEventExecutor.java:174)
	at io.netty.util.concurrent.AbstractEventExecutor.runTask(AbstractEventExecutor.java)
	at io.netty.util.concurrent.AbstractEventExecutor.safeExecute$$$capture(AbstractEventExecutor.java:167)
	at io.netty.util.concurrent.AbstractEventExecutor.safeExecute(AbstractEventExecutor.java)
	at io.netty.util.concurrent.SingleThreadEventExecutor.runAllTasks(SingleThreadEventExecutor.java:470)
	at io.netty.channel.nio.NioEventLoop.run(NioEventLoop.java:569)
	at io.netty.util.concurrent.SingleThreadEventExecutor$4.run(SingleThreadEventExecutor.java:997)
	at io.netty.util.internal.ThreadExecutorMap$2.run(ThreadExecutorMap.java:74)
	at io.netty.util.concurrent.FastThreadLocalRunnable.run(FastThreadLocalRunnable.java:30)
	at java.base/java.lang.Thread.run(Thread.java:833)
Caused by: java.util.concurrent.CompletionException: io.netty.channel.AbstractChannel$AnnotatedConnectException: Connection refused: no further information: localhost/127.0.0.1:6379
	at java.base/java.util.concurrent.CompletableFuture.encodeRelay(CompletableFuture.java:368)
	at java.base/java.util.concurrent.CompletableFuture.completeRelay(CompletableFuture.java:377)
	at java.base/java.util.concurrent.CompletableFuture$UniRelay.tryFire(CompletableFuture.java:1097)
	... 13 common frames omitted
Caused by: io.netty.channel.AbstractChannel$AnnotatedConnectException: Connection refused: no further information: localhost/127.0.0.1:6379
Caused by: java.net.ConnectException: Connection refused: no further information
	at java.base/sun.nio.ch.Net.pollConnect(Native Method)
	at java.base/sun.nio.ch.Net.pollConnectNow(Net.java:672)
	at java.base/sun.nio.ch.SocketChannelImpl.finishConnect(SocketChannelImpl.java:946)
	at io.netty.channel.socket.nio.NioSocketChannel.doFinishConnect(NioSocketChannel.java:337)
	at io.netty.channel.nio.AbstractNioChannel$AbstractNioUnsafe.finishConnect(AbstractNioChannel.java:334)
	at io.netty.channel.nio.NioEventLoop.processSelectedKey(NioEventLoop.java:776)
	at io.netty.channel.nio.NioEventLoop.processSelectedKeysOptimized(NioEventLoop.java:724)
	at io.netty.channel.nio.NioEventLoop.processSelectedKeys(NioEventLoop.java:650)
	at io.netty.channel.nio.NioEventLoop.run(NioEventLoop.java:562)
	at io.netty.util.concurrent.SingleThreadEventExecutor$4.run(SingleThreadEventExecutor.java:997)
	at io.netty.util.internal.ThreadExecutorMap$2.run(ThreadExecutorMap.java:74)
	at io.netty.util.concurrent.FastThreadLocalRunnable.run(FastThreadLocalRunnable.java:30)
	at java.base/java.lang.Thread.run(Thread.java:833)
24-06-07.21:13:18.206 [main            ] INFO  Application            - Starting Application using Java 17.0.8 on wjh with PID 29812 (D:\documents\javaproject2\dynamic-thread-pool\dynamic-thread-pool-test\target\classes started by wjh13 in D:\documents\javaproject2\dynamic-thread-pool)
24-06-07.21:13:18.208 [main            ] INFO  Application            - The following 1 profile is active: "dev"
24-06-07.21:13:18.698 [main            ] INFO  RepositoryConfigurationDelegate - Multiple Spring Data modules found, entering strict repository configuration mode
24-06-07.21:13:18.699 [main            ] INFO  RepositoryConfigurationDelegate - Bootstrapping Spring Data Redis repositories in DEFAULT mode.
24-06-07.21:13:18.717 [main            ] INFO  RepositoryConfigurationDelegate - Finished Spring Data repository scanning in 3 ms. Found 0 Redis repository interfaces.
24-06-07.21:13:19.011 [main            ] INFO  TomcatWebServer        - Tomcat initialized with port(s): 8091 (http)
24-06-07.21:13:19.011 [main            ] INFO  AprLifecycleListener   - Loaded Apache Tomcat Native library [1.2.39] using APR version [1.7.4].
24-06-07.21:13:19.012 [main            ] INFO  AprLifecycleListener   - APR capabilities: IPv6 [true], sendfile [true], accept filters [false], random [true], UDS [true].
24-06-07.21:13:19.012 [main            ] INFO  AprLifecycleListener   - APR/OpenSSL configuration: useAprConnector [false], useOpenSSL [true]
24-06-07.21:13:19.014 [main            ] INFO  AprLifecycleListener   - OpenSSL successfully initialized [OpenSSL 3.0.11 19 Sep 2023]
24-06-07.21:13:19.018 [main            ] INFO  Http11NioProtocol      - Initializing ProtocolHandler ["http-nio-8091"]
24-06-07.21:13:19.019 [main            ] INFO  StandardService        - Starting service [Tomcat]
24-06-07.21:13:19.019 [main            ] INFO  StandardEngine         - Starting Servlet engine: [Apache Tomcat/9.0.75]
24-06-07.21:13:19.080 [main            ] INFO  [/]                    - Initializing Spring embedded WebApplicationContext
24-06-07.21:13:19.080 [main            ] INFO  ServletWebServerApplicationContext - Root WebApplicationContext: initialization completed in 840 ms
24-06-07.21:13:19.418 [main            ] INFO  DynamicThreadPoolAutoConfig - threadPoolExecutor01
24-06-07.21:13:19.418 [main            ] INFO  DynamicThreadPoolAutoConfig - threadPoolExecutor02
24-06-07.21:13:19.484 [main            ] INFO  Version                - Redisson 3.26.0
24-06-07.21:13:24.240 [main            ] WARN  AnnotationConfigServletWebServerApplicationContext - Exception encountered during context initialization - cancelling refresh attempt: org.springframework.beans.factory.UnsatisfiedDependencyException: Error creating bean with name 'redisTemplate' defined in class path resource [org/redisson/spring/starter/RedissonAutoConfigurationV2.class]: Unsatisfied dependency expressed through method 'redisTemplate' parameter 0; nested exception is org.springframework.beans.factory.UnsatisfiedDependencyException: Error creating bean with name 'redissonConnectionFactory' defined in class path resource [org/redisson/spring/starter/RedissonAutoConfigurationV2.class]: Unsatisfied dependency expressed through method 'redissonConnectionFactory' parameter 0; nested exception is org.springframework.beans.factory.BeanCreationException: Error creating bean with name 'redisson' defined in class path resource [org/redisson/spring/starter/RedissonAutoConfigurationV2.class]: Bean instantiation via factory method failed; nested exception is org.springframework.beans.BeanInstantiationException: Failed to instantiate [org.redisson.api.RedissonClient]: Factory method 'redisson' threw exception; nested exception is org.redisson.client.RedisConnectionException: java.util.concurrent.ExecutionException: org.redisson.client.RedisConnectionException: Unable to connect to Redis server: localhost/127.0.0.1:6379
24-06-07.21:13:24.243 [main            ] INFO  StandardService        - Stopping service [Tomcat]
24-06-07.21:13:24.252 [main            ] INFO  ConditionEvaluationReportLoggingListener - 

Error starting ApplicationContext. To display the conditions report re-run your application with 'debug' enabled.
24-06-07.21:13:24.261 [main            ] ERROR SpringApplication      - Application run failed
org.springframework.beans.factory.UnsatisfiedDependencyException: Error creating bean with name 'redisTemplate' defined in class path resource [org/redisson/spring/starter/RedissonAutoConfigurationV2.class]: Unsatisfied dependency expressed through method 'redisTemplate' parameter 0; nested exception is org.springframework.beans.factory.UnsatisfiedDependencyException: Error creating bean with name 'redissonConnectionFactory' defined in class path resource [org/redisson/spring/starter/RedissonAutoConfigurationV2.class]: Unsatisfied dependency expressed through method 'redissonConnectionFactory' parameter 0; nested exception is org.springframework.beans.factory.BeanCreationException: Error creating bean with name 'redisson' defined in class path resource [org/redisson/spring/starter/RedissonAutoConfigurationV2.class]: Bean instantiation via factory method failed; nested exception is org.springframework.beans.BeanInstantiationException: Failed to instantiate [org.redisson.api.RedissonClient]: Factory method 'redisson' threw exception; nested exception is org.redisson.client.RedisConnectionException: java.util.concurrent.ExecutionException: org.redisson.client.RedisConnectionException: Unable to connect to Redis server: localhost/127.0.0.1:6379
	at org.springframework.beans.factory.support.ConstructorResolver.createArgumentArray(ConstructorResolver.java:800)
	at org.springframework.beans.factory.support.ConstructorResolver.instantiateUsingFactoryMethod(ConstructorResolver.java:541)
	at org.springframework.beans.factory.support.AbstractAutowireCapableBeanFactory.instantiateUsingFactoryMethod(AbstractAutowireCapableBeanFactory.java:1352)
	at org.springframework.beans.factory.support.AbstractAutowireCapableBeanFactory.createBeanInstance(AbstractAutowireCapableBeanFactory.java:1195)
	at org.springframework.beans.factory.support.AbstractAutowireCapableBeanFactory.doCreateBean(AbstractAutowireCapableBeanFactory.java:582)
	at org.springframework.beans.factory.support.AbstractAutowireCapableBeanFactory.createBean(AbstractAutowireCapableBeanFactory.java:542)
	at org.springframework.beans.factory.support.AbstractBeanFactory.lambda$doGetBean$0(AbstractBeanFactory.java:335)
	at org.springframework.beans.factory.support.DefaultSingletonBeanRegistry.getSingleton(DefaultSingletonBeanRegistry.java:234)
	at org.springframework.beans.factory.support.AbstractBeanFactory.doGetBean(AbstractBeanFactory.java:333)
	at org.springframework.beans.factory.support.AbstractBeanFactory.getBean(AbstractBeanFactory.java:208)
	at org.springframework.beans.factory.support.DefaultListableBeanFactory.preInstantiateSingletons(DefaultListableBeanFactory.java:955)
	at org.springframework.context.support.AbstractApplicationContext.finishBeanFactoryInitialization(AbstractApplicationContext.java:920)
	at org.springframework.context.support.AbstractApplicationContext.refresh(AbstractApplicationContext.java:583)
	at org.springframework.boot.web.servlet.context.ServletWebServerApplicationContext.refresh(ServletWebServerApplicationContext.java:147)
	at org.springframework.boot.SpringApplication.refresh(SpringApplication.java:731)
	at org.springframework.boot.SpringApplication.refreshContext(SpringApplication.java:408)
	at org.springframework.boot.SpringApplication.run(SpringApplication.java:307)
	at org.springframework.boot.SpringApplication.run(SpringApplication.java:1303)
	at org.springframework.boot.SpringApplication.run(SpringApplication.java:1292)
	at cn.jh.Application.main(Application.java:11)
Caused by: org.springframework.beans.factory.UnsatisfiedDependencyException: Error creating bean with name 'redissonConnectionFactory' defined in class path resource [org/redisson/spring/starter/RedissonAutoConfigurationV2.class]: Unsatisfied dependency expressed through method 'redissonConnectionFactory' parameter 0; nested exception is org.springframework.beans.factory.BeanCreationException: Error creating bean with name 'redisson' defined in class path resource [org/redisson/spring/starter/RedissonAutoConfigurationV2.class]: Bean instantiation via factory method failed; nested exception is org.springframework.beans.BeanInstantiationException: Failed to instantiate [org.redisson.api.RedissonClient]: Factory method 'redisson' threw exception; nested exception is org.redisson.client.RedisConnectionException: java.util.concurrent.ExecutionException: org.redisson.client.RedisConnectionException: Unable to connect to Redis server: localhost/127.0.0.1:6379
	at org.springframework.beans.factory.support.ConstructorResolver.createArgumentArray(ConstructorResolver.java:800)
	at org.springframework.beans.factory.support.ConstructorResolver.instantiateUsingFactoryMethod(ConstructorResolver.java:541)
	at org.springframework.beans.factory.support.AbstractAutowireCapableBeanFactory.instantiateUsingFactoryMethod(AbstractAutowireCapableBeanFactory.java:1352)
	at org.springframework.beans.factory.support.AbstractAutowireCapableBeanFactory.createBeanInstance(AbstractAutowireCapableBeanFactory.java:1195)
	at org.springframework.beans.factory.support.AbstractAutowireCapableBeanFactory.doCreateBean(AbstractAutowireCapableBeanFactory.java:582)
	at org.springframework.beans.factory.support.AbstractAutowireCapableBeanFactory.createBean(AbstractAutowireCapableBeanFactory.java:542)
	at org.springframework.beans.factory.support.AbstractBeanFactory.lambda$doGetBean$0(AbstractBeanFactory.java:335)
	at org.springframework.beans.factory.support.DefaultSingletonBeanRegistry.getSingleton(DefaultSingletonBeanRegistry.java:234)
	at org.springframework.beans.factory.support.AbstractBeanFactory.doGetBean(AbstractBeanFactory.java:333)
	at org.springframework.beans.factory.support.AbstractBeanFactory.getBean(AbstractBeanFactory.java:208)
	at org.springframework.beans.factory.config.DependencyDescriptor.resolveCandidate(DependencyDescriptor.java:276)
	at org.springframework.beans.factory.support.DefaultListableBeanFactory.doResolveDependency(DefaultListableBeanFactory.java:1391)
	at org.springframework.beans.factory.support.DefaultListableBeanFactory.resolveDependency(DefaultListableBeanFactory.java:1311)
	at org.springframework.beans.factory.support.ConstructorResolver.resolveAutowiredArgument(ConstructorResolver.java:887)
	at org.springframework.beans.factory.support.ConstructorResolver.createArgumentArray(ConstructorResolver.java:791)
	... 19 common frames omitted
Caused by: org.springframework.beans.factory.BeanCreationException: Error creating bean with name 'redisson' defined in class path resource [org/redisson/spring/starter/RedissonAutoConfigurationV2.class]: Bean instantiation via factory method failed; nested exception is org.springframework.beans.BeanInstantiationException: Failed to instantiate [org.redisson.api.RedissonClient]: Factory method 'redisson' threw exception; nested exception is org.redisson.client.RedisConnectionException: java.util.concurrent.ExecutionException: org.redisson.client.RedisConnectionException: Unable to connect to Redis server: localhost/127.0.0.1:6379
	at org.springframework.beans.factory.support.ConstructorResolver.instantiate(ConstructorResolver.java:658)
	at org.springframework.beans.factory.support.ConstructorResolver.instantiateUsingFactoryMethod(ConstructorResolver.java:486)
	at org.springframework.beans.factory.support.AbstractAutowireCapableBeanFactory.instantiateUsingFactoryMethod(AbstractAutowireCapableBeanFactory.java:1352)
	at org.springframework.beans.factory.support.AbstractAutowireCapableBeanFactory.createBeanInstance(AbstractAutowireCapableBeanFactory.java:1195)
	at org.springframework.beans.factory.support.AbstractAutowireCapableBeanFactory.doCreateBean(AbstractAutowireCapableBeanFactory.java:582)
	at org.springframework.beans.factory.support.AbstractAutowireCapableBeanFactory.createBean(AbstractAutowireCapableBeanFactory.java:542)
	at org.springframework.beans.factory.support.AbstractBeanFactory.lambda$doGetBean$0(AbstractBeanFactory.java:335)
	at org.springframework.beans.factory.support.DefaultSingletonBeanRegistry.getSingleton(DefaultSingletonBeanRegistry.java:234)
	at org.springframework.beans.factory.support.AbstractBeanFactory.doGetBean(AbstractBeanFactory.java:333)
	at org.springframework.beans.factory.support.AbstractBeanFactory.getBean(AbstractBeanFactory.java:208)
	at org.springframework.beans.factory.config.DependencyDescriptor.resolveCandidate(DependencyDescriptor.java:276)
	at org.springframework.beans.factory.support.DefaultListableBeanFactory.doResolveDependency(DefaultListableBeanFactory.java:1391)
	at org.springframework.beans.factory.support.DefaultListableBeanFactory.resolveDependency(DefaultListableBeanFactory.java:1311)
	at org.springframework.beans.factory.support.ConstructorResolver.resolveAutowiredArgument(ConstructorResolver.java:887)
	at org.springframework.beans.factory.support.ConstructorResolver.createArgumentArray(ConstructorResolver.java:791)
	... 33 common frames omitted
Caused by: org.springframework.beans.BeanInstantiationException: Failed to instantiate [org.redisson.api.RedissonClient]: Factory method 'redisson' threw exception; nested exception is org.redisson.client.RedisConnectionException: java.util.concurrent.ExecutionException: org.redisson.client.RedisConnectionException: Unable to connect to Redis server: localhost/127.0.0.1:6379
	at org.springframework.beans.factory.support.SimpleInstantiationStrategy.instantiate(SimpleInstantiationStrategy.java:185)
	at org.springframework.beans.factory.support.ConstructorResolver.instantiate(ConstructorResolver.java:653)
	... 47 common frames omitted
Caused by: org.redisson.client.RedisConnectionException: java.util.concurrent.ExecutionException: org.redisson.client.RedisConnectionException: Unable to connect to Redis server: localhost/127.0.0.1:6379
	at org.redisson.connection.MasterSlaveConnectionManager.doConnect(MasterSlaveConnectionManager.java:229)
	at org.redisson.connection.MasterSlaveConnectionManager.connect(MasterSlaveConnectionManager.java:196)
	at org.redisson.config.ConfigSupport.createConnectionManager(ConfigSupport.java:220)
	at org.redisson.Redisson.<init>(Redisson.java:71)
	at org.redisson.Redisson.create(Redisson.java:116)
	at org.redisson.spring.starter.RedissonAutoConfiguration.redisson(RedissonAutoConfiguration.java:330)
	at java.base/jdk.internal.reflect.NativeMethodAccessorImpl.invoke0(Native Method)
	at java.base/jdk.internal.reflect.NativeMethodAccessorImpl.invoke(NativeMethodAccessorImpl.java:77)
	at java.base/jdk.internal.reflect.DelegatingMethodAccessorImpl.invoke(DelegatingMethodAccessorImpl.java:43)
	at java.base/java.lang.reflect.Method.invoke(Method.java:568)
	at org.springframework.beans.factory.support.SimpleInstantiationStrategy.instantiate(SimpleInstantiationStrategy.java:154)
	... 48 common frames omitted
Caused by: java.util.concurrent.ExecutionException: org.redisson.client.RedisConnectionException: Unable to connect to Redis server: localhost/127.0.0.1:6379
	at java.base/java.util.concurrent.CompletableFuture.reportGet(CompletableFuture.java:396)
	at java.base/java.util.concurrent.CompletableFuture.get(CompletableFuture.java:2096)
	at org.redisson.connection.MasterSlaveConnectionManager.doConnect(MasterSlaveConnectionManager.java:225)
	... 58 common frames omitted
Caused by: org.redisson.client.RedisConnectionException: Unable to connect to Redis server: localhost/127.0.0.1:6379
	at org.redisson.connection.ConnectionsHolder.lambda$createConnection$1(ConnectionsHolder.java:183)
	at java.base/java.util.concurrent.CompletableFuture.uniWhenComplete(CompletableFuture.java:863)
	at java.base/java.util.concurrent.CompletableFuture$UniWhenComplete.tryFire(CompletableFuture.java:841)
	at java.base/java.util.concurrent.CompletableFuture.postComplete(CompletableFuture.java:510)
	at java.base/java.util.concurrent.CompletableFuture.completeExceptionally(CompletableFuture.java:2162)
	at org.redisson.connection.ConnectionsHolder.promiseFailure(ConnectionsHolder.java:218)
	at org.redisson.connection.ConnectionsHolder.lambda$createConnection$4(ConnectionsHolder.java:204)
	at java.base/java.util.concurrent.CompletableFuture.uniWhenComplete(CompletableFuture.java:863)
	at java.base/java.util.concurrent.CompletableFuture$UniWhenComplete.tryFire(CompletableFuture.java:841)
	at java.base/java.util.concurrent.CompletableFuture.postComplete(CompletableFuture.java:510)
	at java.base/java.util.concurrent.CompletableFuture.completeExceptionally(CompletableFuture.java:2162)
	at org.redisson.client.RedisClient$1$2.run(RedisClient.java:308)
	at io.netty.util.concurrent.AbstractEventExecutor.runTask(AbstractEventExecutor.java:174)
	at io.netty.util.concurrent.AbstractEventExecutor.safeExecute(AbstractEventExecutor.java:167)
	at io.netty.util.concurrent.SingleThreadEventExecutor.runAllTasks(SingleThreadEventExecutor.java:470)
	at io.netty.channel.nio.NioEventLoop.run(NioEventLoop.java:569)
	at io.netty.util.concurrent.SingleThreadEventExecutor$4.run(SingleThreadEventExecutor.java:997)
	at io.netty.util.internal.ThreadExecutorMap$2.run(ThreadExecutorMap.java:74)
	at io.netty.util.concurrent.FastThreadLocalRunnable.run(FastThreadLocalRunnable.java:30)
	at java.base/java.lang.Thread.run(Thread.java:833)
Caused by: java.util.concurrent.CompletionException: io.netty.channel.AbstractChannel$AnnotatedConnectException: Connection refused: no further information: localhost/127.0.0.1:6379
	at java.base/java.util.concurrent.CompletableFuture.encodeRelay(CompletableFuture.java:368)
	at java.base/java.util.concurrent.CompletableFuture.completeRelay(CompletableFuture.java:377)
	at java.base/java.util.concurrent.CompletableFuture$UniRelay.tryFire(CompletableFuture.java:1097)
	... 11 common frames omitted
Caused by: io.netty.channel.AbstractChannel$AnnotatedConnectException: Connection refused: no further information: localhost/127.0.0.1:6379
Caused by: java.net.ConnectException: Connection refused: no further information
	at java.base/sun.nio.ch.Net.pollConnect(Native Method)
	at java.base/sun.nio.ch.Net.pollConnectNow(Net.java:672)
	at java.base/sun.nio.ch.SocketChannelImpl.finishConnect(SocketChannelImpl.java:946)
	at io.netty.channel.socket.nio.NioSocketChannel.doFinishConnect(NioSocketChannel.java:337)
	at io.netty.channel.nio.AbstractNioChannel$AbstractNioUnsafe.finishConnect(AbstractNioChannel.java:334)
	at io.netty.channel.nio.NioEventLoop.processSelectedKey(NioEventLoop.java:776)
	at io.netty.channel.nio.NioEventLoop.processSelectedKeysOptimized(NioEventLoop.java:724)
	at io.netty.channel.nio.NioEventLoop.processSelectedKeys(NioEventLoop.java:650)
	at io.netty.channel.nio.NioEventLoop.run(NioEventLoop.java:562)
	at io.netty.util.concurrent.SingleThreadEventExecutor$4.run(SingleThreadEventExecutor.java:997)
	at io.netty.util.internal.ThreadExecutorMap$2.run(ThreadExecutorMap.java:74)
	at io.netty.util.concurrent.FastThreadLocalRunnable.run(FastThreadLocalRunnable.java:30)
	at java.base/java.lang.Thread.run(Thread.java:833)
24-06-07.21:29:53.692 [main            ] INFO  Application            - Starting Application using Java 17.0.8 on wjh with PID 27632 (D:\documents\javaproject2\dynamic-thread-pool\dynamic-thread-pool-test\target\classes started by wjh13 in D:\documents\javaproject2\dynamic-thread-pool)
24-06-07.21:29:53.694 [main            ] INFO  Application            - The following 1 profile is active: "dev"
24-06-07.21:29:54.245 [main            ] INFO  RepositoryConfigurationDelegate - Multiple Spring Data modules found, entering strict repository configuration mode
24-06-07.21:29:54.247 [main            ] INFO  RepositoryConfigurationDelegate - Bootstrapping Spring Data Redis repositories in DEFAULT mode.
24-06-07.21:29:54.262 [main            ] INFO  RepositoryConfigurationDelegate - Finished Spring Data repository scanning in 4 ms. Found 0 Redis repository interfaces.
24-06-07.21:29:54.644 [main            ] INFO  TomcatWebServer        - Tomcat initialized with port(s): 8091 (http)
24-06-07.21:29:54.645 [main            ] INFO  AprLifecycleListener   - Loaded Apache Tomcat Native library [1.2.39] using APR version [1.7.4].
24-06-07.21:29:54.645 [main            ] INFO  AprLifecycleListener   - APR capabilities: IPv6 [true], sendfile [true], accept filters [false], random [true], UDS [true].
24-06-07.21:29:54.645 [main            ] INFO  AprLifecycleListener   - APR/OpenSSL configuration: useAprConnector [false], useOpenSSL [true]
24-06-07.21:29:54.660 [main            ] INFO  AprLifecycleListener   - OpenSSL successfully initialized [OpenSSL 3.0.11 19 Sep 2023]
24-06-07.21:29:54.665 [main            ] INFO  Http11NioProtocol      - Initializing ProtocolHandler ["http-nio-8091"]
24-06-07.21:29:54.666 [main            ] INFO  StandardService        - Starting service [Tomcat]
24-06-07.21:29:54.666 [main            ] INFO  StandardEngine         - Starting Servlet engine: [Apache Tomcat/9.0.75]
24-06-07.21:29:54.736 [main            ] INFO  [/]                    - Initializing Spring embedded WebApplicationContext
24-06-07.21:29:54.736 [main            ] INFO  ServletWebServerApplicationContext - Root WebApplicationContext: initialization completed in 1005 ms
24-06-07.21:29:55.168 [main            ] INFO  DynamicThreadPoolAutoConfig - threadPoolExecutor01
24-06-07.21:29:55.168 [main            ] INFO  DynamicThreadPoolAutoConfig - threadPoolExecutor02
24-06-07.21:29:55.246 [main            ] INFO  Version                - Redisson 3.26.0
24-06-07.21:29:55.495 [redisson-netty-1-6] INFO  ConnectionsHolder      - 1 connections initialized for localhost/127.0.0.1:6379
24-06-07.21:29:55.551 [redisson-netty-1-20] INFO  ConnectionsHolder      - 24 connections initialized for localhost/127.0.0.1:6379
24-06-07.21:29:55.880 [main            ] INFO  EndpointLinksResolver  - Exposing 1 endpoint(s) beneath base path '/actuator'
24-06-07.21:29:55.903 [main            ] INFO  Http11NioProtocol      - Starting ProtocolHandler ["http-nio-8091"]
24-06-07.21:29:55.913 [main            ] INFO  TomcatWebServer        - Tomcat started on port(s): 8091 (http) with context path ''
24-06-07.21:29:55.927 [main            ] INFO  Application            - Started Application in 2.611 seconds (JVM running for 7.859)
24-06-07.21:46:07.357 [main            ] INFO  Application            - Starting Application using Java 17.0.8 on wjh with PID 34232 (D:\documents\javaproject2\dynamic-thread-pool\dynamic-thread-pool-test\target\classes started by wjh13 in D:\documents\javaproject2\dynamic-thread-pool)
24-06-07.21:46:07.359 [main            ] INFO  Application            - The following 1 profile is active: "dev"
24-06-07.21:46:07.998 [main            ] INFO  RepositoryConfigurationDelegate - Multiple Spring Data modules found, entering strict repository configuration mode
24-06-07.21:46:08.007 [main            ] INFO  RepositoryConfigurationDelegate - Bootstrapping Spring Data Redis repositories in DEFAULT mode.
24-06-07.21:46:08.030 [main            ] INFO  RepositoryConfigurationDelegate - Finished Spring Data repository scanning in 7 ms. Found 0 Redis repository interfaces.
24-06-07.21:46:08.514 [main            ] INFO  TomcatWebServer        - Tomcat initialized with port(s): 8091 (http)
24-06-07.21:46:08.515 [main            ] INFO  AprLifecycleListener   - Loaded Apache Tomcat Native library [1.2.39] using APR version [1.7.4].
24-06-07.21:46:08.516 [main            ] INFO  AprLifecycleListener   - APR capabilities: IPv6 [true], sendfile [true], accept filters [false], random [true], UDS [true].
24-06-07.21:46:08.516 [main            ] INFO  AprLifecycleListener   - APR/OpenSSL configuration: useAprConnector [false], useOpenSSL [true]
24-06-07.21:46:08.536 [main            ] INFO  AprLifecycleListener   - OpenSSL successfully initialized [OpenSSL 3.0.11 19 Sep 2023]
24-06-07.21:46:08.544 [main            ] INFO  Http11NioProtocol      - Initializing ProtocolHandler ["http-nio-8091"]
24-06-07.21:46:08.544 [main            ] INFO  StandardService        - Starting service [Tomcat]
24-06-07.21:46:08.544 [main            ] INFO  StandardEngine         - Starting Servlet engine: [Apache Tomcat/9.0.75]
24-06-07.21:46:08.631 [main            ] INFO  [/]                    - Initializing Spring embedded WebApplicationContext
24-06-07.21:46:08.631 [main            ] INFO  ServletWebServerApplicationContext - Root WebApplicationContext: initialization completed in 1235 ms
24-06-07.21:46:09.154 [main            ] INFO  DynamicThreadPoolAutoConfig - threadPoolExecutor01
24-06-07.21:46:09.155 [main            ] INFO  DynamicThreadPoolAutoConfig - threadPoolExecutor02
24-06-07.21:46:09.246 [main            ] INFO  Version                - Redisson 3.26.0
24-06-07.21:46:09.543 [redisson-netty-1-6] INFO  ConnectionsHolder      - 1 connections initialized for localhost/127.0.0.1:6379
24-06-07.21:46:09.605 [redisson-netty-1-20] INFO  ConnectionsHolder      - 24 connections initialized for localhost/127.0.0.1:6379
24-06-07.21:46:09.888 [main            ] INFO  EndpointLinksResolver  - Exposing 1 endpoint(s) beneath base path '/actuator'
24-06-07.21:46:09.906 [main            ] INFO  Http11NioProtocol      - Starting ProtocolHandler ["http-nio-8091"]
24-06-07.21:46:09.913 [main            ] INFO  TomcatWebServer        - Tomcat started on port(s): 8091 (http) with context path ''
24-06-07.21:46:09.925 [main            ] INFO  Application            - Started Application in 2.964 seconds (JVM running for 3.467)
24-06-07.21:46:10.199 [RMI TCP Connection(6)-192.168.5.89] INFO  [/]                    - Initializing Spring DispatcherServlet 'dispatcherServlet'
24-06-07.21:46:10.199 [RMI TCP Connection(6)-192.168.5.89] INFO  DispatcherServlet      - Initializing Servlet 'dispatcherServlet'
24-06-07.21:46:10.200 [RMI TCP Connection(6)-192.168.5.89] INFO  DispatcherServlet      - Completed initialization in 1 ms
24-06-07.21:48:37.666 [main            ] INFO  Application            - Starting Application using Java 17.0.8 on wjh with PID 35176 (D:\documents\javaproject2\dynamic-thread-pool\dynamic-thread-pool-test\target\classes started by wjh13 in D:\documents\javaproject2\dynamic-thread-pool)
24-06-07.21:48:37.667 [main            ] INFO  Application            - The following 1 profile is active: "dev"
24-06-07.21:48:38.153 [main            ] INFO  RepositoryConfigurationDelegate - Multiple Spring Data modules found, entering strict repository configuration mode
24-06-07.21:48:38.155 [main            ] INFO  RepositoryConfigurationDelegate - Bootstrapping Spring Data Redis repositories in DEFAULT mode.
24-06-07.21:48:38.168 [main            ] INFO  RepositoryConfigurationDelegate - Finished Spring Data repository scanning in 4 ms. Found 0 Redis repository interfaces.
24-06-07.21:48:38.469 [main            ] INFO  TomcatWebServer        - Tomcat initialized with port(s): 8091 (http)
24-06-07.21:48:38.470 [main            ] INFO  AprLifecycleListener   - Loaded Apache Tomcat Native library [1.2.39] using APR version [1.7.4].
24-06-07.21:48:38.470 [main            ] INFO  AprLifecycleListener   - APR capabilities: IPv6 [true], sendfile [true], accept filters [false], random [true], UDS [true].
24-06-07.21:48:38.470 [main            ] INFO  AprLifecycleListener   - APR/OpenSSL configuration: useAprConnector [false], useOpenSSL [true]
24-06-07.21:48:38.473 [main            ] INFO  AprLifecycleListener   - OpenSSL successfully initialized [OpenSSL 3.0.11 19 Sep 2023]
24-06-07.21:48:38.478 [main            ] INFO  Http11NioProtocol      - Initializing ProtocolHandler ["http-nio-8091"]
24-06-07.21:48:38.479 [main            ] INFO  StandardService        - Starting service [Tomcat]
24-06-07.21:48:38.479 [main            ] INFO  StandardEngine         - Starting Servlet engine: [Apache Tomcat/9.0.75]
24-06-07.21:48:38.543 [main            ] INFO  [/]                    - Initializing Spring embedded WebApplicationContext
24-06-07.21:48:38.543 [main            ] INFO  ServletWebServerApplicationContext - Root WebApplicationContext: initialization completed in 846 ms
24-06-07.21:49:31.452 [main            ] INFO  DynamicThreadPoolAutoConfig - 线程池信息：["threadPoolExecutor01","threadPoolExecutor02"]
24-06-07.21:49:31.504 [main            ] INFO  Version                - Redisson 3.26.0
24-06-07.21:49:31.737 [redisson-netty-1-5] INFO  ConnectionsHolder      - 1 connections initialized for localhost/127.0.0.1:6379
24-06-07.21:49:31.810 [redisson-netty-1-20] INFO  ConnectionsHolder      - 24 connections initialized for localhost/127.0.0.1:6379
24-06-07.21:49:32.036 [main            ] INFO  EndpointLinksResolver  - Exposing 1 endpoint(s) beneath base path '/actuator'
24-06-07.21:49:32.063 [main            ] INFO  TomcatWebServer        - Tomcat started on port(s): 8091 (http) with context path ''
24-06-07.21:49:32.073 [main            ] INFO  Application            - Started Application in 54.741 seconds (JVM running for 55.276)
24-06-07.21:49:47.315 [main            ] INFO  Application            - Starting Application using Java 17.0.8 on wjh with PID 13168 (D:\documents\javaproject2\dynamic-thread-pool\dynamic-thread-pool-test\target\classes started by wjh13 in D:\documents\javaproject2\dynamic-thread-pool)
24-06-07.21:49:47.316 [main            ] INFO  Application            - The following 1 profile is active: "dev"
24-06-07.21:49:47.824 [main            ] INFO  RepositoryConfigurationDelegate - Multiple Spring Data modules found, entering strict repository configuration mode
24-06-07.21:49:47.826 [main            ] INFO  RepositoryConfigurationDelegate - Bootstrapping Spring Data Redis repositories in DEFAULT mode.
24-06-07.21:49:47.839 [main            ] INFO  RepositoryConfigurationDelegate - Finished Spring Data repository scanning in 4 ms. Found 0 Redis repository interfaces.
24-06-07.21:49:48.135 [main            ] INFO  TomcatWebServer        - Tomcat initialized with port(s): 8091 (http)
24-06-07.21:49:48.135 [main            ] INFO  AprLifecycleListener   - Loaded Apache Tomcat Native library [1.2.39] using APR version [1.7.4].
24-06-07.21:49:48.135 [main            ] INFO  AprLifecycleListener   - APR capabilities: IPv6 [true], sendfile [true], accept filters [false], random [true], UDS [true].
24-06-07.21:49:48.135 [main            ] INFO  AprLifecycleListener   - APR/OpenSSL configuration: useAprConnector [false], useOpenSSL [true]
24-06-07.21:49:48.138 [main            ] INFO  AprLifecycleListener   - OpenSSL successfully initialized [OpenSSL 3.0.11 19 Sep 2023]
24-06-07.21:49:48.143 [main            ] INFO  Http11NioProtocol      - Initializing ProtocolHandler ["http-nio-8091"]
24-06-07.21:49:48.143 [main            ] INFO  StandardService        - Starting service [Tomcat]
24-06-07.21:49:48.143 [main            ] INFO  StandardEngine         - Starting Servlet engine: [Apache Tomcat/9.0.75]
24-06-07.21:49:48.213 [main            ] INFO  [/]                    - Initializing Spring embedded WebApplicationContext
24-06-07.21:49:48.213 [main            ] INFO  ServletWebServerApplicationContext - Root WebApplicationContext: initialization completed in 866 ms
24-06-07.21:49:57.450 [main            ] INFO  DynamicThreadPoolAutoConfig - 线程池信息：[threadPoolExecutor01, threadPoolExecutor02]
24-06-07.21:50:05.559 [main            ] INFO  Version                - Redisson 3.26.0
24-06-07.21:50:05.795 [redisson-netty-1-5] INFO  ConnectionsHolder      - 1 connections initialized for localhost/127.0.0.1:6379
24-06-07.21:50:05.864 [redisson-netty-1-20] INFO  ConnectionsHolder      - 24 connections initialized for localhost/127.0.0.1:6379
24-06-07.21:50:06.098 [main            ] INFO  EndpointLinksResolver  - Exposing 1 endpoint(s) beneath base path '/actuator'
24-06-07.21:50:06.121 [main            ] INFO  Http11NioProtocol      - Starting ProtocolHandler ["http-nio-8091"]
24-06-07.21:50:06.130 [main            ] INFO  TomcatWebServer        - Tomcat started on port(s): 8091 (http) with context path ''
24-06-07.21:50:06.143 [main            ] INFO  Application            - Started Application in 19.17 seconds (JVM running for 19.686)
24-06-07.21:50:06.580 [RMI TCP Connection(3)-192.168.5.89] INFO  [/]                    - Initializing Spring DispatcherServlet 'dispatcherServlet'
24-06-07.21:50:06.580 [RMI TCP Connection(3)-192.168.5.89] INFO  DispatcherServlet      - Initializing Servlet 'dispatcherServlet'
24-06-07.21:50:06.581 [RMI TCP Connection(3)-192.168.5.89] INFO  DispatcherServlet      - Completed initialization in 1 ms
24-06-07.21:50:20.477 [main            ] INFO  Application            - Starting Application using Java 17.0.8 on wjh with PID 12356 (D:\documents\javaproject2\dynamic-thread-pool\dynamic-thread-pool-test\target\classes started by wjh13 in D:\documents\javaproject2\dynamic-thread-pool)
24-06-07.21:50:20.478 [main            ] INFO  Application            - The following 1 profile is active: "dev"
24-06-07.21:50:20.981 [main            ] INFO  RepositoryConfigurationDelegate - Multiple Spring Data modules found, entering strict repository configuration mode
24-06-07.21:50:20.982 [main            ] INFO  RepositoryConfigurationDelegate - Bootstrapping Spring Data Redis repositories in DEFAULT mode.
24-06-07.21:50:20.995 [main            ] INFO  RepositoryConfigurationDelegate - Finished Spring Data repository scanning in 4 ms. Found 0 Redis repository interfaces.
24-06-07.21:50:21.283 [main            ] INFO  TomcatWebServer        - Tomcat initialized with port(s): 8091 (http)
24-06-07.21:50:21.284 [main            ] INFO  AprLifecycleListener   - Loaded Apache Tomcat Native library [1.2.39] using APR version [1.7.4].
24-06-07.21:50:21.285 [main            ] INFO  AprLifecycleListener   - APR capabilities: IPv6 [true], sendfile [true], accept filters [false], random [true], UDS [true].
24-06-07.21:50:21.285 [main            ] INFO  AprLifecycleListener   - APR/OpenSSL configuration: useAprConnector [false], useOpenSSL [true]
24-06-07.21:50:21.288 [main            ] INFO  AprLifecycleListener   - OpenSSL successfully initialized [OpenSSL 3.0.11 19 Sep 2023]
24-06-07.21:50:21.293 [main            ] INFO  Http11NioProtocol      - Initializing ProtocolHandler ["http-nio-8091"]
24-06-07.21:50:21.293 [main            ] INFO  StandardService        - Starting service [Tomcat]
24-06-07.21:50:21.294 [main            ] INFO  StandardEngine         - Starting Servlet engine: [Apache Tomcat/9.0.75]
24-06-07.21:50:21.366 [main            ] INFO  [/]                    - Initializing Spring embedded WebApplicationContext
24-06-07.21:50:21.366 [main            ] INFO  ServletWebServerApplicationContext - Root WebApplicationContext: initialization completed in 858 ms
24-06-07.21:50:21.804 [main            ] INFO  DynamicThreadPoolAutoConfig - 线程池信息：["threadPoolExecutor01","threadPoolExecutor02"]
24-06-07.21:50:21.853 [main            ] INFO  Version                - Redisson 3.26.0
24-06-07.21:50:22.116 [redisson-netty-1-5] INFO  ConnectionsHolder      - 1 connections initialized for localhost/127.0.0.1:6379
24-06-07.21:50:22.169 [redisson-netty-1-20] INFO  ConnectionsHolder      - 24 connections initialized for localhost/127.0.0.1:6379
24-06-07.21:50:22.446 [main            ] INFO  EndpointLinksResolver  - Exposing 1 endpoint(s) beneath base path '/actuator'
24-06-07.21:50:22.470 [main            ] INFO  Http11NioProtocol      - Starting ProtocolHandler ["http-nio-8091"]
24-06-07.21:50:22.477 [main            ] INFO  TomcatWebServer        - Tomcat started on port(s): 8091 (http) with context path ''
24-06-07.21:50:22.488 [main            ] INFO  Application            - Started Application in 2.348 seconds (JVM running for 2.905)
24-06-07.21:50:22.843 [RMI TCP Connection(2)-192.168.5.89] INFO  [/]                    - Initializing Spring DispatcherServlet 'dispatcherServlet'
24-06-07.21:50:22.843 [RMI TCP Connection(2)-192.168.5.89] INFO  DispatcherServlet      - Initializing Servlet 'dispatcherServlet'
24-06-07.21:50:22.844 [RMI TCP Connection(2)-192.168.5.89] INFO  DispatcherServlet      - Completed initialization in 1 ms
24-06-07.21:50:55.778 [main            ] INFO  Application            - Starting Application using Java 17.0.8 on wjh with PID 37584 (D:\documents\javaproject2\dynamic-thread-pool\dynamic-thread-pool-test\target\classes started by wjh13 in D:\documents\javaproject2\dynamic-thread-pool)
24-06-07.21:50:55.779 [main            ] INFO  Application            - The following 1 profile is active: "dev"
24-06-07.21:50:56.306 [main            ] INFO  RepositoryConfigurationDelegate - Multiple Spring Data modules found, entering strict repository configuration mode
24-06-07.21:50:56.307 [main            ] INFO  RepositoryConfigurationDelegate - Bootstrapping Spring Data Redis repositories in DEFAULT mode.
24-06-07.21:50:56.319 [main            ] INFO  RepositoryConfigurationDelegate - Finished Spring Data repository scanning in 4 ms. Found 0 Redis repository interfaces.
24-06-07.21:50:56.648 [main            ] INFO  TomcatWebServer        - Tomcat initialized with port(s): 8091 (http)
24-06-07.21:50:56.650 [main            ] INFO  AprLifecycleListener   - Loaded Apache Tomcat Native library [1.2.39] using APR version [1.7.4].
24-06-07.21:50:56.650 [main            ] INFO  AprLifecycleListener   - APR capabilities: IPv6 [true], sendfile [true], accept filters [false], random [true], UDS [true].
24-06-07.21:50:56.650 [main            ] INFO  AprLifecycleListener   - APR/OpenSSL configuration: useAprConnector [false], useOpenSSL [true]
24-06-07.21:50:56.652 [main            ] INFO  AprLifecycleListener   - OpenSSL successfully initialized [OpenSSL 3.0.11 19 Sep 2023]
24-06-07.21:50:56.657 [main            ] INFO  Http11NioProtocol      - Initializing ProtocolHandler ["http-nio-8091"]
24-06-07.21:50:56.658 [main            ] INFO  StandardService        - Starting service [Tomcat]
24-06-07.21:50:56.658 [main            ] INFO  StandardEngine         - Starting Servlet engine: [Apache Tomcat/9.0.75]
24-06-07.21:50:56.734 [main            ] INFO  [/]                    - Initializing Spring embedded WebApplicationContext
24-06-07.21:50:56.734 [main            ] INFO  ServletWebServerApplicationContext - Root WebApplicationContext: initialization completed in 922 ms
24-06-07.21:50:57.116 [main            ] INFO  DynamicThreadPoolAutoConfig - 线程池信息：{threadPoolExecutor01=java.util.concurrent.ThreadPoolExecutor@6c977dcf[Running, pool size = 0, active threads = 0, queued tasks = 0, completed tasks = 0], threadPoolExecutor02=java.util.concurrent.ThreadPoolExecutor@733fb462[Running, pool size = 0, active threads = 0, queued tasks = 0, completed tasks = 0]}
24-06-07.21:50:57.166 [main            ] INFO  Version                - Redisson 3.26.0
24-06-07.21:50:57.410 [redisson-netty-1-5] INFO  ConnectionsHolder      - 1 connections initialized for localhost/127.0.0.1:6379
24-06-07.21:50:57.474 [redisson-netty-1-20] INFO  ConnectionsHolder      - 24 connections initialized for localhost/127.0.0.1:6379
24-06-07.21:50:57.747 [main            ] INFO  EndpointLinksResolver  - Exposing 1 endpoint(s) beneath base path '/actuator'
24-06-07.21:50:57.768 [main            ] INFO  Http11NioProtocol      - Starting ProtocolHandler ["http-nio-8091"]
24-06-07.21:50:57.776 [main            ] INFO  TomcatWebServer        - Tomcat started on port(s): 8091 (http) with context path ''
24-06-07.21:50:57.787 [main            ] INFO  Application            - Started Application in 2.369 seconds (JVM running for 2.891)
24-06-07.21:50:58.132 [RMI TCP Connection(3)-192.168.5.89] INFO  [/]                    - Initializing Spring DispatcherServlet 'dispatcherServlet'
24-06-07.21:50:58.133 [RMI TCP Connection(3)-192.168.5.89] INFO  DispatcherServlet      - Initializing Servlet 'dispatcherServlet'
24-06-07.21:50:58.133 [RMI TCP Connection(3)-192.168.5.89] INFO  DispatcherServlet      - Completed initialization in 0 ms
24-06-07.21:51:20.232 [main            ] INFO  Application            - Starting Application using Java 17.0.8 on wjh with PID 36400 (D:\documents\javaproject2\dynamic-thread-pool\dynamic-thread-pool-test\target\classes started by wjh13 in D:\documents\javaproject2\dynamic-thread-pool)
24-06-07.21:51:20.233 [main            ] INFO  Application            - The following 1 profile is active: "dev"
24-06-07.21:51:20.728 [main            ] INFO  RepositoryConfigurationDelegate - Multiple Spring Data modules found, entering strict repository configuration mode
24-06-07.21:51:20.730 [main            ] INFO  RepositoryConfigurationDelegate - Bootstrapping Spring Data Redis repositories in DEFAULT mode.
24-06-07.21:51:20.742 [main            ] INFO  RepositoryConfigurationDelegate - Finished Spring Data repository scanning in 4 ms. Found 0 Redis repository interfaces.
24-06-07.21:51:21.030 [main            ] INFO  TomcatWebServer        - Tomcat initialized with port(s): 8091 (http)
24-06-07.21:51:21.030 [main            ] INFO  AprLifecycleListener   - Loaded Apache Tomcat Native library [1.2.39] using APR version [1.7.4].
24-06-07.21:51:21.030 [main            ] INFO  AprLifecycleListener   - APR capabilities: IPv6 [true], sendfile [true], accept filters [false], random [true], UDS [true].
24-06-07.21:51:21.030 [main            ] INFO  AprLifecycleListener   - APR/OpenSSL configuration: useAprConnector [false], useOpenSSL [true]
24-06-07.21:51:21.033 [main            ] INFO  AprLifecycleListener   - OpenSSL successfully initialized [OpenSSL 3.0.11 19 Sep 2023]
24-06-07.21:51:21.038 [main            ] INFO  Http11NioProtocol      - Initializing ProtocolHandler ["http-nio-8091"]
24-06-07.21:51:21.038 [main            ] INFO  StandardService        - Starting service [Tomcat]
24-06-07.21:51:21.038 [main            ] INFO  StandardEngine         - Starting Servlet engine: [Apache Tomcat/9.0.75]
24-06-07.21:51:21.118 [main            ] INFO  [/]                    - Initializing Spring embedded WebApplicationContext
24-06-07.21:51:21.118 [main            ] INFO  ServletWebServerApplicationContext - Root WebApplicationContext: initialization completed in 851 ms
24-06-07.21:51:21.502 [main            ] INFO  DynamicThreadPoolAutoConfig - 线程池信息：[threadPoolExecutor01, threadPoolExecutor02]
24-06-07.21:51:21.568 [main            ] INFO  Version                - Redisson 3.26.0
24-06-07.21:51:21.803 [redisson-netty-1-5] INFO  ConnectionsHolder      - 1 connections initialized for localhost/127.0.0.1:6379
24-06-07.21:51:21.865 [redisson-netty-1-20] INFO  ConnectionsHolder      - 24 connections initialized for localhost/127.0.0.1:6379
24-06-07.21:51:22.099 [main            ] INFO  EndpointLinksResolver  - Exposing 1 endpoint(s) beneath base path '/actuator'
24-06-07.21:51:22.118 [main            ] INFO  Http11NioProtocol      - Starting ProtocolHandler ["http-nio-8091"]
24-06-07.21:51:22.125 [main            ] INFO  TomcatWebServer        - Tomcat started on port(s): 8091 (http) with context path ''
24-06-07.21:51:22.137 [main            ] INFO  Application            - Started Application in 2.259 seconds (JVM running for 2.77)
24-06-07.21:51:22.607 [RMI TCP Connection(3)-192.168.5.89] INFO  [/]                    - Initializing Spring DispatcherServlet 'dispatcherServlet'
24-06-07.21:51:22.608 [RMI TCP Connection(3)-192.168.5.89] INFO  DispatcherServlet      - Initializing Servlet 'dispatcherServlet'
24-06-07.21:51:22.608 [RMI TCP Connection(3)-192.168.5.89] INFO  DispatcherServlet      - Completed initialization in 0 ms
24-06-07.21:58:17.321 [main            ] INFO  Application            - Starting Application using Java 17.0.8 on wjh with PID 5724 (D:\documents\javaproject2\dynamic-thread-pool\dynamic-thread-pool-test\target\classes started by wjh13 in D:\documents\javaproject2\dynamic-thread-pool)
24-06-07.21:58:17.322 [main            ] INFO  Application            - The following 1 profile is active: "dev"
24-06-07.21:58:17.824 [main            ] INFO  RepositoryConfigurationDelegate - Multiple Spring Data modules found, entering strict repository configuration mode
24-06-07.21:58:17.825 [main            ] INFO  RepositoryConfigurationDelegate - Bootstrapping Spring Data Redis repositories in DEFAULT mode.
24-06-07.21:58:17.837 [main            ] INFO  RepositoryConfigurationDelegate - Finished Spring Data repository scanning in 3 ms. Found 0 Redis repository interfaces.
24-06-07.21:58:18.132 [main            ] INFO  TomcatWebServer        - Tomcat initialized with port(s): 8091 (http)
24-06-07.21:58:18.132 [main            ] INFO  AprLifecycleListener   - Loaded Apache Tomcat Native library [1.2.39] using APR version [1.7.4].
24-06-07.21:58:18.132 [main            ] INFO  AprLifecycleListener   - APR capabilities: IPv6 [true], sendfile [true], accept filters [false], random [true], UDS [true].
24-06-07.21:58:18.132 [main            ] INFO  AprLifecycleListener   - APR/OpenSSL configuration: useAprConnector [false], useOpenSSL [true]
24-06-07.21:58:18.135 [main            ] INFO  AprLifecycleListener   - OpenSSL successfully initialized [OpenSSL 3.0.11 19 Sep 2023]
24-06-07.21:58:18.140 [main            ] INFO  Http11NioProtocol      - Initializing ProtocolHandler ["http-nio-8091"]
24-06-07.21:58:18.140 [main            ] INFO  StandardService        - Starting service [Tomcat]
24-06-07.21:58:18.140 [main            ] INFO  StandardEngine         - Starting Servlet engine: [Apache Tomcat/9.0.75]
24-06-07.21:58:18.207 [main            ] INFO  [/]                    - Initializing Spring embedded WebApplicationContext
24-06-07.21:58:18.207 [main            ] INFO  ServletWebServerApplicationContext - Root WebApplicationContext: initialization completed in 850 ms
24-06-07.21:58:18.577 [main            ] INFO  DynamicThreadPoolAutoConfig - ThreadPoolExecutor
24-06-07.21:58:18.577 [main            ] INFO  DynamicThreadPoolAutoConfig - ThreadPoolExecutor
24-06-07.21:58:18.577 [main            ] INFO  DynamicThreadPoolAutoConfig - 线程池信息：[threadPoolExecutor01, threadPoolExecutor02]
24-06-07.21:58:18.627 [main            ] INFO  Version                - Redisson 3.26.0
24-06-07.21:58:18.875 [redisson-netty-1-5] INFO  ConnectionsHolder      - 1 connections initialized for localhost/127.0.0.1:6379
24-06-07.21:58:18.929 [redisson-netty-1-20] INFO  ConnectionsHolder      - 24 connections initialized for localhost/127.0.0.1:6379
24-06-07.21:58:19.167 [main            ] INFO  EndpointLinksResolver  - Exposing 1 endpoint(s) beneath base path '/actuator'
24-06-07.21:58:19.190 [main            ] INFO  Http11NioProtocol      - Starting ProtocolHandler ["http-nio-8091"]
24-06-07.21:58:19.197 [main            ] INFO  TomcatWebServer        - Tomcat started on port(s): 8091 (http) with context path ''
24-06-07.21:58:19.207 [main            ] INFO  Application            - Started Application in 2.225 seconds (JVM running for 2.755)
24-06-07.21:58:19.731 [RMI TCP Connection(3)-192.168.5.89] INFO  [/]                    - Initializing Spring DispatcherServlet 'dispatcherServlet'
24-06-07.21:58:19.732 [RMI TCP Connection(3)-192.168.5.89] INFO  DispatcherServlet      - Initializing Servlet 'dispatcherServlet'
24-06-07.21:58:19.733 [RMI TCP Connection(3)-192.168.5.89] INFO  DispatcherServlet      - Completed initialization in 1 ms
24-06-07.21:58:33.309 [main            ] INFO  Application            - Starting Application using Java 17.0.8 on wjh with PID 35848 (D:\documents\javaproject2\dynamic-thread-pool\dynamic-thread-pool-test\target\classes started by wjh13 in D:\documents\javaproject2\dynamic-thread-pool)
24-06-07.21:58:33.310 [main            ] INFO  Application            - The following 1 profile is active: "dev"
24-06-07.21:58:33.868 [main            ] INFO  RepositoryConfigurationDelegate - Multiple Spring Data modules found, entering strict repository configuration mode
24-06-07.21:58:33.869 [main            ] INFO  RepositoryConfigurationDelegate - Bootstrapping Spring Data Redis repositories in DEFAULT mode.
24-06-07.21:58:33.883 [main            ] INFO  RepositoryConfigurationDelegate - Finished Spring Data repository scanning in 4 ms. Found 0 Redis repository interfaces.
24-06-07.21:58:34.216 [main            ] INFO  TomcatWebServer        - Tomcat initialized with port(s): 8091 (http)
24-06-07.21:58:34.217 [main            ] INFO  AprLifecycleListener   - Loaded Apache Tomcat Native library [1.2.39] using APR version [1.7.4].
24-06-07.21:58:34.218 [main            ] INFO  AprLifecycleListener   - APR capabilities: IPv6 [true], sendfile [true], accept filters [false], random [true], UDS [true].
24-06-07.21:58:34.218 [main            ] INFO  AprLifecycleListener   - APR/OpenSSL configuration: useAprConnector [false], useOpenSSL [true]
24-06-07.21:58:34.221 [main            ] INFO  AprLifecycleListener   - OpenSSL successfully initialized [OpenSSL 3.0.11 19 Sep 2023]
24-06-07.21:58:34.226 [main            ] INFO  Http11NioProtocol      - Initializing ProtocolHandler ["http-nio-8091"]
24-06-07.21:58:34.226 [main            ] INFO  StandardService        - Starting service [Tomcat]
24-06-07.21:58:34.227 [main            ] INFO  StandardEngine         - Starting Servlet engine: [Apache Tomcat/9.0.75]
24-06-07.21:58:34.301 [main            ] INFO  [/]                    - Initializing Spring embedded WebApplicationContext
24-06-07.21:58:34.301 [main            ] INFO  ServletWebServerApplicationContext - Root WebApplicationContext: initialization completed in 960 ms
24-06-07.22:03:04.983 [main            ] INFO  DynamicThreadPoolAutoConfig - ThreadPoolExecutor
24-06-07.22:03:04.984 [main            ] INFO  DynamicThreadPoolAutoConfig - ThreadPoolExecutor
24-06-07.22:03:04.984 [main            ] INFO  DynamicThreadPoolAutoConfig - 线程池信息：[threadPoolExecutor01, threadPoolExecutor02]
24-06-07.22:03:05.062 [main            ] INFO  Version                - Redisson 3.26.0
24-06-07.22:03:05.424 [redisson-netty-1-5] INFO  ConnectionsHolder      - 1 connections initialized for localhost/127.0.0.1:6379
24-06-07.22:03:05.618 [redisson-netty-1-20] INFO  ConnectionsHolder      - 24 connections initialized for localhost/127.0.0.1:6379
24-06-07.22:03:05.864 [main            ] INFO  EndpointLinksResolver  - Exposing 1 endpoint(s) beneath base path '/actuator'
24-06-07.22:03:05.894 [main            ] INFO  TomcatWebServer        - Tomcat started on port(s): 8091 (http) with context path ''
24-06-07.22:03:05.904 [main            ] INFO  Application            - Started Application in 272.932 seconds (JVM running for 273.459)
24-06-07.22:03:08.960 [main            ] INFO  Application            - Starting Application using Java 17.0.8 on wjh with PID 29768 (D:\documents\javaproject2\dynamic-thread-pool\dynamic-thread-pool-test\target\classes started by wjh13 in D:\documents\javaproject2\dynamic-thread-pool)
24-06-07.22:03:08.961 [main            ] INFO  Application            - The following 1 profile is active: "dev"
24-06-07.22:03:09.477 [main            ] INFO  RepositoryConfigurationDelegate - Multiple Spring Data modules found, entering strict repository configuration mode
24-06-07.22:03:09.479 [main            ] INFO  RepositoryConfigurationDelegate - Bootstrapping Spring Data Redis repositories in DEFAULT mode.
24-06-07.22:03:09.493 [main            ] INFO  RepositoryConfigurationDelegate - Finished Spring Data repository scanning in 5 ms. Found 0 Redis repository interfaces.
24-06-07.22:03:09.808 [main            ] INFO  TomcatWebServer        - Tomcat initialized with port(s): 8091 (http)
24-06-07.22:03:09.809 [main            ] INFO  AprLifecycleListener   - Loaded Apache Tomcat Native library [1.2.39] using APR version [1.7.4].
24-06-07.22:03:09.809 [main            ] INFO  AprLifecycleListener   - APR capabilities: IPv6 [true], sendfile [true], accept filters [false], random [true], UDS [true].
24-06-07.22:03:09.809 [main            ] INFO  AprLifecycleListener   - APR/OpenSSL configuration: useAprConnector [false], useOpenSSL [true]
24-06-07.22:03:09.812 [main            ] INFO  AprLifecycleListener   - OpenSSL successfully initialized [OpenSSL 3.0.11 19 Sep 2023]
24-06-07.22:03:09.819 [main            ] INFO  Http11NioProtocol      - Initializing ProtocolHandler ["http-nio-8091"]
24-06-07.22:03:09.819 [main            ] INFO  StandardService        - Starting service [Tomcat]
24-06-07.22:03:09.819 [main            ] INFO  StandardEngine         - Starting Servlet engine: [Apache Tomcat/9.0.75]
24-06-07.22:03:09.886 [main            ] INFO  [/]                    - Initializing Spring embedded WebApplicationContext
24-06-07.22:03:09.886 [main            ] INFO  ServletWebServerApplicationContext - Root WebApplicationContext: initialization completed in 894 ms
24-06-07.22:03:31.214 [main            ] INFO  DynamicThreadPoolAutoConfig - java.util.concurrent.ThreadPoolExecutor
24-06-07.22:03:31.214 [main            ] INFO  DynamicThreadPoolAutoConfig - java.util.concurrent.ThreadPoolExecutor
24-06-07.22:03:31.214 [main            ] INFO  DynamicThreadPoolAutoConfig - 线程池信息：[threadPoolExecutor01, threadPoolExecutor02]
24-06-07.22:03:31.284 [main            ] INFO  Version                - Redisson 3.26.0
24-06-07.22:03:31.522 [redisson-netty-1-6] INFO  ConnectionsHolder      - 1 connections initialized for localhost/127.0.0.1:6379
24-06-07.22:03:31.588 [redisson-netty-1-20] INFO  ConnectionsHolder      - 24 connections initialized for localhost/127.0.0.1:6379
24-06-07.22:03:31.818 [main            ] INFO  EndpointLinksResolver  - Exposing 1 endpoint(s) beneath base path '/actuator'
24-06-07.22:03:31.845 [main            ] INFO  TomcatWebServer        - Tomcat started on port(s): 8091 (http) with context path ''
24-06-07.22:03:31.856 [main            ] INFO  Application            - Started Application in 23.234 seconds (JVM running for 23.75)
24-06-07.22:24:08.887 [main            ] INFO  Application            - Starting Application using Java 17.0.8 on wjh with PID 6576 (D:\documents\javaproject2\dynamic-thread-pool\dynamic-thread-pool-test\target\classes started by wjh13 in D:\documents\javaproject2\dynamic-thread-pool)
24-06-07.22:24:08.889 [main            ] INFO  Application            - The following 1 profile is active: "dev"
24-06-07.22:24:09.336 [main            ] INFO  RepositoryConfigurationDelegate - Multiple Spring Data modules found, entering strict repository configuration mode
24-06-07.22:24:09.338 [main            ] INFO  RepositoryConfigurationDelegate - Bootstrapping Spring Data Redis repositories in DEFAULT mode.
24-06-07.22:24:09.350 [main            ] INFO  RepositoryConfigurationDelegate - Finished Spring Data repository scanning in 4 ms. Found 0 Redis repository interfaces.
24-06-07.22:24:09.627 [main            ] INFO  TomcatWebServer        - Tomcat initialized with port(s): 8091 (http)
24-06-07.22:24:09.627 [main            ] INFO  AprLifecycleListener   - Loaded Apache Tomcat Native library [1.2.39] using APR version [1.7.4].
24-06-07.22:24:09.627 [main            ] INFO  AprLifecycleListener   - APR capabilities: IPv6 [true], sendfile [true], accept filters [false], random [true], UDS [true].
24-06-07.22:24:09.627 [main            ] INFO  AprLifecycleListener   - APR/OpenSSL configuration: useAprConnector [false], useOpenSSL [true]
24-06-07.22:24:09.629 [main            ] INFO  AprLifecycleListener   - OpenSSL successfully initialized [OpenSSL 3.0.11 19 Sep 2023]
24-06-07.22:24:09.633 [main            ] INFO  Http11NioProtocol      - Initializing ProtocolHandler ["http-nio-8091"]
24-06-07.22:24:09.634 [main            ] INFO  StandardService        - Starting service [Tomcat]
24-06-07.22:24:09.634 [main            ] INFO  StandardEngine         - Starting Servlet engine: [Apache Tomcat/9.0.75]
24-06-07.22:24:09.689 [main            ] INFO  [/]                    - Initializing Spring embedded WebApplicationContext
24-06-07.22:24:09.689 [main            ] INFO  ServletWebServerApplicationContext - Root WebApplicationContext: initialization completed in 769 ms
24-06-07.22:24:10.013 [main            ] INFO  DynamicThreadPoolAutoConfig - ThreadPoolExecutor
24-06-07.22:24:10.014 [main            ] INFO  DynamicThreadPoolAutoConfig - ThreadPoolExecutor
24-06-07.22:24:10.014 [main            ] INFO  DynamicThreadPoolAutoConfig - 线程池信息：[threadPoolExecutor01, threadPoolExecutor02]
24-06-07.22:24:10.070 [main            ] INFO  Version                - Redisson 3.26.0
24-06-07.22:24:10.287 [redisson-netty-1-5] INFO  ConnectionsHolder      - 1 connections initialized for localhost/127.0.0.1:6379
24-06-07.22:24:10.356 [redisson-netty-1-20] INFO  ConnectionsHolder      - 24 connections initialized for localhost/127.0.0.1:6379
24-06-07.22:24:10.614 [main            ] INFO  EndpointLinksResolver  - Exposing 1 endpoint(s) beneath base path '/actuator'
24-06-07.22:24:10.636 [main            ] INFO  Http11NioProtocol      - Starting ProtocolHandler ["http-nio-8091"]
24-06-07.22:24:10.644 [main            ] INFO  TomcatWebServer        - Tomcat started on port(s): 8091 (http) with context path ''
24-06-07.22:24:10.656 [main            ] INFO  Application            - Started Application in 2.07 seconds (JVM running for 2.491)
24-06-07.22:24:10.827 [RMI TCP Connection(1)-192.168.5.89] INFO  [/]                    - Initializing Spring DispatcherServlet 'dispatcherServlet'
24-06-07.22:24:10.827 [RMI TCP Connection(1)-192.168.5.89] INFO  DispatcherServlet      - Initializing Servlet 'dispatcherServlet'
24-06-07.22:24:10.828 [RMI TCP Connection(1)-192.168.5.89] INFO  DispatcherServlet      - Completed initialization in 1 ms
24-06-07.22:28:57.782 [main            ] INFO  Application            - Starting Application using Java 17.0.8 on wjh with PID 15560 (D:\documents\javaproject2\dynamic-thread-pool\dynamic-thread-pool-test\target\classes started by wjh13 in D:\documents\javaproject2\dynamic-thread-pool)
24-06-07.22:28:57.785 [main            ] INFO  Application            - The following 1 profile is active: "dev"
24-06-07.22:28:58.568 [main            ] INFO  RepositoryConfigurationDelegate - Multiple Spring Data modules found, entering strict repository configuration mode
24-06-07.22:28:58.574 [main            ] INFO  RepositoryConfigurationDelegate - Bootstrapping Spring Data Redis repositories in DEFAULT mode.
24-06-07.22:28:58.585 [main            ] INFO  RepositoryConfigurationDelegate - Finished Spring Data repository scanning in 4 ms. Found 0 Redis repository interfaces.
24-06-07.22:28:58.876 [main            ] INFO  TomcatWebServer        - Tomcat initialized with port(s): 8091 (http)
24-06-07.22:28:58.877 [main            ] INFO  AprLifecycleListener   - Loaded Apache Tomcat Native library [1.2.39] using APR version [1.7.4].
24-06-07.22:28:58.877 [main            ] INFO  AprLifecycleListener   - APR capabilities: IPv6 [true], sendfile [true], accept filters [false], random [true], UDS [true].
24-06-07.22:28:58.877 [main            ] INFO  AprLifecycleListener   - APR/OpenSSL configuration: useAprConnector [false], useOpenSSL [true]
24-06-07.22:28:58.879 [main            ] INFO  AprLifecycleListener   - OpenSSL successfully initialized [OpenSSL 3.0.11 19 Sep 2023]
24-06-07.22:28:58.883 [main            ] INFO  Http11NioProtocol      - Initializing ProtocolHandler ["http-nio-8091"]
24-06-07.22:28:58.883 [main            ] INFO  StandardService        - Starting service [Tomcat]
24-06-07.22:28:58.883 [main            ] INFO  StandardEngine         - Starting Servlet engine: [Apache Tomcat/9.0.75]
24-06-07.22:28:58.956 [main            ] INFO  [/]                    - Initializing Spring embedded WebApplicationContext
24-06-07.22:28:58.956 [main            ] INFO  ServletWebServerApplicationContext - Root WebApplicationContext: initialization completed in 1125 ms
24-06-07.22:28:59.539 [main            ] INFO  DynamicThreadPoolAutoConfig - ThreadPoolExecutor
24-06-07.22:28:59.539 [main            ] INFO  DynamicThreadPoolAutoConfig - ThreadPoolExecutor
24-06-07.22:28:59.539 [main            ] INFO  DynamicThreadPoolAutoConfig - 线程池信息：[threadPoolExecutor01, threadPoolExecutor02]
24-06-07.22:28:59.694 [main            ] INFO  Version                - Redisson 3.26.0
24-06-07.22:28:59.933 [redisson-netty-1-5] INFO  ConnectionsHolder      - 1 connections initialized for localhost/127.0.0.1:6379
24-06-07.22:28:59.986 [redisson-netty-1-20] INFO  ConnectionsHolder      - 24 connections initialized for localhost/127.0.0.1:6379
24-06-07.22:29:00.224 [main            ] INFO  EndpointLinksResolver  - Exposing 1 endpoint(s) beneath base path '/actuator'
24-06-07.22:29:00.241 [main            ] INFO  Http11NioProtocol      - Starting ProtocolHandler ["http-nio-8091"]
24-06-07.22:29:00.248 [main            ] INFO  TomcatWebServer        - Tomcat started on port(s): 8091 (http) with context path ''
24-06-07.22:29:00.260 [main            ] INFO  Application            - Started Application in 2.787 seconds (JVM running for 3.16)
24-06-07.22:29:00.333 [RMI TCP Connection(1)-192.168.5.89] INFO  [/]                    - Initializing Spring DispatcherServlet 'dispatcherServlet'
24-06-07.22:29:00.334 [RMI TCP Connection(1)-192.168.5.89] INFO  DispatcherServlet      - Initializing Servlet 'dispatcherServlet'
24-06-07.22:29:00.336 [RMI TCP Connection(1)-192.168.5.89] INFO  DispatcherServlet      - Completed initialization in 2 ms
