24-06-16.23:49:34.011 [main            ] INFO  Application            - Starting Application using Java 17.0.8 on wjh with PID 27324 (D:\documents\javaproject2\dynamic-thread-pool\dynamic-thread-pool-test\target\classes started by wjh13 in D:\documents\javaproject2\dynamic-thread-pool)
24-06-16.23:49:34.012 [main            ] INFO  Application            - The following 1 profile is active: "dev"
24-06-16.23:49:34.694 [main            ] INFO  RepositoryConfigurationDelegate - Multiple Spring Data modules found, entering strict repository configuration mode
24-06-16.23:49:34.696 [main            ] INFO  RepositoryConfigurationDelegate - Bootstrapping Spring Data Redis repositories in DEFAULT mode.
24-06-16.23:49:34.724 [main            ] INFO  RepositoryConfigurationDelegate - Finished Spring Data repository scanning in 7 ms. Found 0 Redis repository interfaces.
24-06-16.23:49:35.200 [main            ] INFO  TomcatWebServer        - Tomcat initialized with port(s): 8091 (http)
24-06-16.23:49:35.201 [main            ] INFO  AprLifecycleListener   - Loaded Apache Tomcat Native library [1.2.39] using APR version [1.7.4].
24-06-16.23:49:35.201 [main            ] INFO  AprLifecycleListener   - APR capabilities: IPv6 [true], sendfile [true], accept filters [false], random [true], UDS [true].
24-06-16.23:49:35.201 [main            ] INFO  AprLifecycleListener   - APR/OpenSSL configuration: useAprConnector [false], useOpenSSL [true]
24-06-16.23:49:35.216 [main            ] INFO  AprLifecycleListener   - OpenSSL successfully initialized [OpenSSL 3.0.11 19 Sep 2023]
24-06-16.23:49:35.225 [main            ] INFO  Http11NioProtocol      - Initializing ProtocolHandler ["http-nio-8091"]
24-06-16.23:49:35.225 [main            ] INFO  StandardService        - Starting service [Tomcat]
24-06-16.23:49:35.225 [main            ] INFO  StandardEngine         - Starting Servlet engine: [Apache Tomcat/9.0.75]
24-06-16.23:49:35.304 [main            ] INFO  [/]                    - Initializing Spring embedded WebApplicationContext
24-06-16.23:49:35.304 [main            ] INFO  ServletWebServerApplicationContext - Root WebApplicationContext: initialization completed in 1243 ms
24-06-16.23:49:35.952 [main            ] INFO  Version                - Redisson 3.26.0
24-06-16.23:49:36.159 [redisson-netty-1-6] INFO  ConnectionsHolder      - 1 connections initialized for 127.0.0.1/127.0.0.1:16379
24-06-16.23:49:36.174 [redisson-netty-1-23] INFO  ConnectionsHolder      - 10 connections initialized for 127.0.0.1/127.0.0.1:16379
24-06-16.23:49:36.214 [main            ] INFO  DynamicThreadPoolAutoConfig - Redis注册器初始化完成。127.0.0.1 64 true
24-06-16.23:49:36.221 [main            ] INFO  DynamicThreadPoolAutoConfig - ThreadPoolExecutor
24-06-16.23:49:36.221 [main            ] INFO  DynamicThreadPoolAutoConfig - ThreadPoolExecutor
24-06-16.23:49:36.221 [main            ] INFO  DynamicThreadPoolAutoConfig - 线程池信息：[threadPoolExecutor01, threadPoolExecutor02]
24-06-16.23:49:36.235 [main            ] WARN  AnnotationConfigServletWebServerApplicationContext - Exception encountered during context initialization - cancelling refresh attempt: org.springframework.beans.factory.BeanCreationException: Error creating bean with name 'threadPoolDataReportJob' defined in class path resource [cn/jh/middleware/dynamic/thread/pool/sdk/config/DynamicThreadPoolAutoConfig.class]: Initialization of bean failed; nested exception is java.lang.IllegalStateException: Encountered invalid @Scheduled method 'execReportThreadPoolList': Cron expression must consist of 6 fields (found 5 in "0/20 * * * *?")
24-06-16.23:49:36.274 [main            ] INFO  StandardService        - Stopping service [Tomcat]
24-06-16.23:49:36.287 [main            ] INFO  ConditionEvaluationReportLoggingListener - 

Error starting ApplicationContext. To display the conditions report re-run your application with 'debug' enabled.
24-06-16.23:49:36.300 [main            ] ERROR SpringApplication      - Application run failed
org.springframework.beans.factory.BeanCreationException: Error creating bean with name 'threadPoolDataReportJob' defined in class path resource [cn/jh/middleware/dynamic/thread/pool/sdk/config/DynamicThreadPoolAutoConfig.class]: Initialization of bean failed; nested exception is java.lang.IllegalStateException: Encountered invalid @Scheduled method 'execReportThreadPoolList': Cron expression must consist of 6 fields (found 5 in "0/20 * * * *?")
	at org.springframework.beans.factory.support.AbstractAutowireCapableBeanFactory.doCreateBean(AbstractAutowireCapableBeanFactory.java:628)
	at org.springframework.beans.factory.support.AbstractAutowireCapableBeanFactory.createBean(AbstractAutowireCapableBeanFactory.java:542)
	at org.springframework.beans.factory.support.AbstractBeanFactory.lambda$doGetBean$0(AbstractBeanFactory.java:335)
	at org.springframework.beans.factory.support.DefaultSingletonBeanRegistry.getSingleton(DefaultSingletonBeanRegistry.java:234)
	at org.springframework.beans.factory.support.AbstractBeanFactory.doGetBean(AbstractBeanFactory.java:333)
	at org.springframework.beans.factory.support.AbstractBeanFactory.getBean(AbstractBeanFactory.java:208)
	at org.springframework.beans.factory.support.DefaultListableBeanFactory.preInstantiateSingletons(DefaultListableBeanFactory.java:955)
	at org.springframework.context.support.AbstractApplicationContext.finishBeanFactoryInitialization(AbstractApplicationContext.java:920)
	at org.springframework.context.support.AbstractApplicationContext.refresh(AbstractApplicationContext.java:583)
	at org.springframework.boot.web.servlet.context.ServletWebServerApplicationContext.refresh(ServletWebServerApplicationContext.java:147)
	at org.springframework.boot.SpringApplication.refresh(SpringApplication.java:731)
	at org.springframework.boot.SpringApplication.refreshContext(SpringApplication.java:408)
	at org.springframework.boot.SpringApplication.run(SpringApplication.java:307)
	at org.springframework.boot.SpringApplication.run(SpringApplication.java:1303)
	at org.springframework.boot.SpringApplication.run(SpringApplication.java:1292)
	at cn.jh.Application.main(Application.java:11)
Caused by: java.lang.IllegalStateException: Encountered invalid @Scheduled method 'execReportThreadPoolList': Cron expression must consist of 6 fields (found 5 in "0/20 * * * *?")
	at org.springframework.scheduling.annotation.ScheduledAnnotationBeanPostProcessor.processScheduled(ScheduledAnnotationBeanPostProcessor.java:518)
	at org.springframework.scheduling.annotation.ScheduledAnnotationBeanPostProcessor.lambda$null$1(ScheduledAnnotationBeanPostProcessor.java:380)
	at java.base/java.lang.Iterable.forEach(Iterable.java:75)
	at org.springframework.scheduling.annotation.ScheduledAnnotationBeanPostProcessor.lambda$postProcessAfterInitialization$2(ScheduledAnnotationBeanPostProcessor.java:380)
	at java.base/java.util.LinkedHashMap.forEach(LinkedHashMap.java:721)
	at org.springframework.scheduling.annotation.ScheduledAnnotationBeanPostProcessor.postProcessAfterInitialization(ScheduledAnnotationBeanPostProcessor.java:379)
	at org.springframework.beans.factory.support.AbstractAutowireCapableBeanFactory.applyBeanPostProcessorsAfterInitialization(AbstractAutowireCapableBeanFactory.java:455)
	at org.springframework.beans.factory.support.AbstractAutowireCapableBeanFactory.initializeBean(AbstractAutowireCapableBeanFactory.java:1808)
	at org.springframework.beans.factory.support.AbstractAutowireCapableBeanFactory.doCreateBean(AbstractAutowireCapableBeanFactory.java:620)
	... 15 common frames omitted
24-06-16.23:53:24.492 [main            ] INFO  Application            - Starting Application using Java 17.0.8 on wjh with PID 14372 (D:\documents\javaproject2\dynamic-thread-pool\dynamic-thread-pool-test\target\classes started by wjh13 in D:\documents\javaproject2\dynamic-thread-pool)
24-06-16.23:53:24.494 [main            ] INFO  Application            - The following 1 profile is active: "dev"
24-06-16.23:53:25.164 [main            ] INFO  RepositoryConfigurationDelegate - Multiple Spring Data modules found, entering strict repository configuration mode
24-06-16.23:53:25.165 [main            ] INFO  RepositoryConfigurationDelegate - Bootstrapping Spring Data Redis repositories in DEFAULT mode.
24-06-16.23:53:25.180 [main            ] INFO  RepositoryConfigurationDelegate - Finished Spring Data repository scanning in 6 ms. Found 0 Redis repository interfaces.
24-06-16.23:53:25.756 [main            ] INFO  TomcatWebServer        - Tomcat initialized with port(s): 8091 (http)
24-06-16.23:53:25.756 [main            ] INFO  AprLifecycleListener   - Loaded Apache Tomcat Native library [1.2.39] using APR version [1.7.4].
24-06-16.23:53:25.757 [main            ] INFO  AprLifecycleListener   - APR capabilities: IPv6 [true], sendfile [true], accept filters [false], random [true], UDS [true].
24-06-16.23:53:25.757 [main            ] INFO  AprLifecycleListener   - APR/OpenSSL configuration: useAprConnector [false], useOpenSSL [true]
24-06-16.23:53:25.765 [main            ] INFO  AprLifecycleListener   - OpenSSL successfully initialized [OpenSSL 3.0.11 19 Sep 2023]
24-06-16.23:53:25.775 [main            ] INFO  Http11NioProtocol      - Initializing ProtocolHandler ["http-nio-8091"]
24-06-16.23:53:25.776 [main            ] INFO  StandardService        - Starting service [Tomcat]
24-06-16.23:53:25.776 [main            ] INFO  StandardEngine         - Starting Servlet engine: [Apache Tomcat/9.0.75]
24-06-16.23:53:25.905 [main            ] INFO  [/]                    - Initializing Spring embedded WebApplicationContext
24-06-16.23:53:25.906 [main            ] INFO  ServletWebServerApplicationContext - Root WebApplicationContext: initialization completed in 1378 ms
24-06-16.23:53:26.663 [main            ] INFO  Version                - Redisson 3.26.0
24-06-16.23:53:26.836 [redisson-netty-1-7] INFO  ConnectionsHolder      - 1 connections initialized for 127.0.0.1/127.0.0.1:16379
24-06-16.23:53:26.854 [redisson-netty-1-23] INFO  ConnectionsHolder      - 10 connections initialized for 127.0.0.1/127.0.0.1:16379
24-06-16.23:53:26.878 [main            ] INFO  DynamicThreadPoolAutoConfig - Redis注册器初始化完成。127.0.0.1 64 true
24-06-16.23:53:26.885 [main            ] INFO  DynamicThreadPoolAutoConfig - ThreadPoolExecutor
24-06-16.23:53:26.885 [main            ] INFO  DynamicThreadPoolAutoConfig - ThreadPoolExecutor
24-06-16.23:53:26.885 [main            ] INFO  DynamicThreadPoolAutoConfig - 线程池信息：[threadPoolExecutor01, threadPoolExecutor02]
24-06-16.23:53:27.148 [main            ] INFO  EndpointLinksResolver  - Exposing 1 endpoint(s) beneath base path '/actuator'
24-06-16.23:53:27.167 [main            ] INFO  Http11NioProtocol      - Starting ProtocolHandler ["http-nio-8091"]
24-06-16.23:53:27.175 [main            ] INFO  TomcatWebServer        - Tomcat started on port(s): 8091 (http) with context path ''
24-06-16.23:53:27.188 [main            ] INFO  Application            - Started Application in 3.047 seconds (JVM running for 3.586)
24-06-16.23:53:27.389 [RMI TCP Connection(3)-192.168.5.89] INFO  [/]                    - Initializing Spring DispatcherServlet 'dispatcherServlet'
24-06-16.23:53:27.389 [RMI TCP Connection(3)-192.168.5.89] INFO  DispatcherServlet      - Initializing Servlet 'dispatcherServlet'
24-06-16.23:53:27.390 [RMI TCP Connection(3)-192.168.5.89] INFO  DispatcherServlet      - Completed initialization in 1 ms
24-06-16.23:53:59.492 [scheduling-1    ] INFO  ThreadPoolDataReportJob - 线程池上报数据 [{"activeCount":0,"appName":"dynamic-thread-pool-test-app","corePoolSize":20,"maximumPoolSize":50,"poolSize":0,"queueSize":0,"queueType":"LinkedBlockingDeque","remainingCapacity":5000,"threadPoolName":"threadPoolExecutor01"},{"activeCount":0,"appName":"dynamic-thread-pool-test-app","corePoolSize":20,"maximumPoolSize":50,"poolSize":0,"queueSize":0,"queueType":"LinkedBlockingDeque","remainingCapacity":5000,"threadPoolName":"threadPoolExecutor02"}]
24-06-16.23:54:30.943 [scheduling-1    ] INFO  ThreadPoolDataReportJob - 线程池上报数据 {"activeCount":0,"appName":"dynamic-thread-pool-test-app","corePoolSize":20,"maximumPoolSize":50,"poolSize":0,"queueSize":0,"queueType":"LinkedBlockingDeque","remainingCapacity":5000,"threadPoolName":"threadPoolExecutor01"}
24-06-16.23:54:30.958 [scheduling-1    ] INFO  ThreadPoolDataReportJob - 线程池上报数据 {"activeCount":0,"appName":"dynamic-thread-pool-test-app","corePoolSize":20,"maximumPoolSize":50,"poolSize":0,"queueSize":0,"queueType":"LinkedBlockingDeque","remainingCapacity":5000,"threadPoolName":"threadPoolExecutor02"}
24-06-16.23:55:22.608 [scheduling-1    ] INFO  ThreadPoolDataReportJob - 线程池上报数据 [{"activeCount":0,"appName":"dynamic-thread-pool-test-app","corePoolSize":20,"maximumPoolSize":50,"poolSize":0,"queueSize":0,"queueType":"LinkedBlockingDeque","remainingCapacity":5000,"threadPoolName":"threadPoolExecutor01"},{"activeCount":0,"appName":"dynamic-thread-pool-test-app","corePoolSize":20,"maximumPoolSize":50,"poolSize":0,"queueSize":0,"queueType":"LinkedBlockingDeque","remainingCapacity":5000,"threadPoolName":"threadPoolExecutor02"}]
24-06-16.23:55:22.614 [scheduling-1    ] INFO  ThreadPoolDataReportJob - 线程池上报数据 {"activeCount":0,"appName":"dynamic-thread-pool-test-app","corePoolSize":20,"maximumPoolSize":50,"poolSize":0,"queueSize":0,"queueType":"LinkedBlockingDeque","remainingCapacity":5000,"threadPoolName":"threadPoolExecutor01"}
24-06-16.23:55:22.617 [scheduling-1    ] INFO  ThreadPoolDataReportJob - 线程池上报数据 {"activeCount":0,"appName":"dynamic-thread-pool-test-app","corePoolSize":20,"maximumPoolSize":50,"poolSize":0,"queueSize":0,"queueType":"LinkedBlockingDeque","remainingCapacity":5000,"threadPoolName":"threadPoolExecutor02"}
24-06-16.23:55:40.011 [scheduling-1    ] INFO  ThreadPoolDataReportJob - 线程池上报数据 [{"activeCount":0,"appName":"dynamic-thread-pool-test-app","corePoolSize":20,"maximumPoolSize":50,"poolSize":0,"queueSize":0,"queueType":"LinkedBlockingDeque","remainingCapacity":5000,"threadPoolName":"threadPoolExecutor01"},{"activeCount":0,"appName":"dynamic-thread-pool-test-app","corePoolSize":20,"maximumPoolSize":50,"poolSize":0,"queueSize":0,"queueType":"LinkedBlockingDeque","remainingCapacity":5000,"threadPoolName":"threadPoolExecutor02"}]
24-06-16.23:55:40.016 [scheduling-1    ] INFO  ThreadPoolDataReportJob - 线程池上报数据 {"activeCount":0,"appName":"dynamic-thread-pool-test-app","corePoolSize":20,"maximumPoolSize":50,"poolSize":0,"queueSize":0,"queueType":"LinkedBlockingDeque","remainingCapacity":5000,"threadPoolName":"threadPoolExecutor01"}
24-06-16.23:55:40.022 [scheduling-1    ] INFO  ThreadPoolDataReportJob - 线程池上报数据 {"activeCount":0,"appName":"dynamic-thread-pool-test-app","corePoolSize":20,"maximumPoolSize":50,"poolSize":0,"queueSize":0,"queueType":"LinkedBlockingDeque","remainingCapacity":5000,"threadPoolName":"threadPoolExecutor02"}
24-06-16.23:56:00.014 [scheduling-1    ] INFO  ThreadPoolDataReportJob - 线程池上报数据 [{"activeCount":0,"appName":"dynamic-thread-pool-test-app","corePoolSize":20,"maximumPoolSize":50,"poolSize":0,"queueSize":0,"queueType":"LinkedBlockingDeque","remainingCapacity":5000,"threadPoolName":"threadPoolExecutor01"},{"activeCount":0,"appName":"dynamic-thread-pool-test-app","corePoolSize":20,"maximumPoolSize":50,"poolSize":0,"queueSize":0,"queueType":"LinkedBlockingDeque","remainingCapacity":5000,"threadPoolName":"threadPoolExecutor02"}]
24-06-16.23:56:00.018 [scheduling-1    ] INFO  ThreadPoolDataReportJob - 线程池上报数据 {"activeCount":0,"appName":"dynamic-thread-pool-test-app","corePoolSize":20,"maximumPoolSize":50,"poolSize":0,"queueSize":0,"queueType":"LinkedBlockingDeque","remainingCapacity":5000,"threadPoolName":"threadPoolExecutor01"}
24-06-16.23:56:00.021 [scheduling-1    ] INFO  ThreadPoolDataReportJob - 线程池上报数据 {"activeCount":0,"appName":"dynamic-thread-pool-test-app","corePoolSize":20,"maximumPoolSize":50,"poolSize":0,"queueSize":0,"queueType":"LinkedBlockingDeque","remainingCapacity":5000,"threadPoolName":"threadPoolExecutor02"}
24-06-16.23:56:20.013 [scheduling-1    ] INFO  ThreadPoolDataReportJob - 线程池上报数据 [{"activeCount":0,"appName":"dynamic-thread-pool-test-app","corePoolSize":20,"maximumPoolSize":50,"poolSize":0,"queueSize":0,"queueType":"LinkedBlockingDeque","remainingCapacity":5000,"threadPoolName":"threadPoolExecutor01"},{"activeCount":0,"appName":"dynamic-thread-pool-test-app","corePoolSize":20,"maximumPoolSize":50,"poolSize":0,"queueSize":0,"queueType":"LinkedBlockingDeque","remainingCapacity":5000,"threadPoolName":"threadPoolExecutor02"}]
24-06-16.23:56:20.017 [scheduling-1    ] INFO  ThreadPoolDataReportJob - 线程池上报数据 {"activeCount":0,"appName":"dynamic-thread-pool-test-app","corePoolSize":20,"maximumPoolSize":50,"poolSize":0,"queueSize":0,"queueType":"LinkedBlockingDeque","remainingCapacity":5000,"threadPoolName":"threadPoolExecutor01"}
24-06-16.23:56:20.021 [scheduling-1    ] INFO  ThreadPoolDataReportJob - 线程池上报数据 {"activeCount":0,"appName":"dynamic-thread-pool-test-app","corePoolSize":20,"maximumPoolSize":50,"poolSize":0,"queueSize":0,"queueType":"LinkedBlockingDeque","remainingCapacity":5000,"threadPoolName":"threadPoolExecutor02"}
24-06-16.23:56:40.010 [scheduling-1    ] INFO  ThreadPoolDataReportJob - 线程池上报数据 [{"activeCount":0,"appName":"dynamic-thread-pool-test-app","corePoolSize":20,"maximumPoolSize":50,"poolSize":0,"queueSize":0,"queueType":"LinkedBlockingDeque","remainingCapacity":5000,"threadPoolName":"threadPoolExecutor01"},{"activeCount":0,"appName":"dynamic-thread-pool-test-app","corePoolSize":20,"maximumPoolSize":50,"poolSize":0,"queueSize":0,"queueType":"LinkedBlockingDeque","remainingCapacity":5000,"threadPoolName":"threadPoolExecutor02"}]
24-06-16.23:56:40.013 [scheduling-1    ] INFO  ThreadPoolDataReportJob - 线程池上报数据 {"activeCount":0,"appName":"dynamic-thread-pool-test-app","corePoolSize":20,"maximumPoolSize":50,"poolSize":0,"queueSize":0,"queueType":"LinkedBlockingDeque","remainingCapacity":5000,"threadPoolName":"threadPoolExecutor01"}
24-06-16.23:56:40.015 [scheduling-1    ] INFO  ThreadPoolDataReportJob - 线程池上报数据 {"activeCount":0,"appName":"dynamic-thread-pool-test-app","corePoolSize":20,"maximumPoolSize":50,"poolSize":0,"queueSize":0,"queueType":"LinkedBlockingDeque","remainingCapacity":5000,"threadPoolName":"threadPoolExecutor02"}
24-06-16.23:57:00.018 [scheduling-1    ] INFO  ThreadPoolDataReportJob - 线程池上报数据 [{"activeCount":0,"appName":"dynamic-thread-pool-test-app","corePoolSize":20,"maximumPoolSize":50,"poolSize":0,"queueSize":0,"queueType":"LinkedBlockingDeque","remainingCapacity":5000,"threadPoolName":"threadPoolExecutor01"},{"activeCount":0,"appName":"dynamic-thread-pool-test-app","corePoolSize":20,"maximumPoolSize":50,"poolSize":0,"queueSize":0,"queueType":"LinkedBlockingDeque","remainingCapacity":5000,"threadPoolName":"threadPoolExecutor02"}]
24-06-16.23:57:00.023 [scheduling-1    ] INFO  ThreadPoolDataReportJob - 线程池上报数据 {"activeCount":0,"appName":"dynamic-thread-pool-test-app","corePoolSize":20,"maximumPoolSize":50,"poolSize":0,"queueSize":0,"queueType":"LinkedBlockingDeque","remainingCapacity":5000,"threadPoolName":"threadPoolExecutor01"}
24-06-16.23:57:00.026 [scheduling-1    ] INFO  ThreadPoolDataReportJob - 线程池上报数据 {"activeCount":0,"appName":"dynamic-thread-pool-test-app","corePoolSize":20,"maximumPoolSize":50,"poolSize":0,"queueSize":0,"queueType":"LinkedBlockingDeque","remainingCapacity":5000,"threadPoolName":"threadPoolExecutor02"}
24-06-16.23:57:20.017 [scheduling-1    ] INFO  ThreadPoolDataReportJob - 线程池上报数据 [{"activeCount":0,"appName":"dynamic-thread-pool-test-app","corePoolSize":20,"maximumPoolSize":50,"poolSize":0,"queueSize":0,"queueType":"LinkedBlockingDeque","remainingCapacity":5000,"threadPoolName":"threadPoolExecutor01"},{"activeCount":0,"appName":"dynamic-thread-pool-test-app","corePoolSize":20,"maximumPoolSize":50,"poolSize":0,"queueSize":0,"queueType":"LinkedBlockingDeque","remainingCapacity":5000,"threadPoolName":"threadPoolExecutor02"}]
24-06-16.23:57:20.021 [scheduling-1    ] INFO  ThreadPoolDataReportJob - 线程池上报数据 {"activeCount":0,"appName":"dynamic-thread-pool-test-app","corePoolSize":20,"maximumPoolSize":50,"poolSize":0,"queueSize":0,"queueType":"LinkedBlockingDeque","remainingCapacity":5000,"threadPoolName":"threadPoolExecutor01"}
24-06-16.23:57:20.025 [scheduling-1    ] INFO  ThreadPoolDataReportJob - 线程池上报数据 {"activeCount":0,"appName":"dynamic-thread-pool-test-app","corePoolSize":20,"maximumPoolSize":50,"poolSize":0,"queueSize":0,"queueType":"LinkedBlockingDeque","remainingCapacity":5000,"threadPoolName":"threadPoolExecutor02"}
24-06-16.23:57:40.022 [scheduling-1    ] INFO  ThreadPoolDataReportJob - 线程池上报数据 [{"activeCount":0,"appName":"dynamic-thread-pool-test-app","corePoolSize":20,"maximumPoolSize":50,"poolSize":0,"queueSize":0,"queueType":"LinkedBlockingDeque","remainingCapacity":5000,"threadPoolName":"threadPoolExecutor01"},{"activeCount":0,"appName":"dynamic-thread-pool-test-app","corePoolSize":20,"maximumPoolSize":50,"poolSize":0,"queueSize":0,"queueType":"LinkedBlockingDeque","remainingCapacity":5000,"threadPoolName":"threadPoolExecutor02"}]
24-06-16.23:57:40.025 [scheduling-1    ] INFO  ThreadPoolDataReportJob - 线程池上报数据 {"activeCount":0,"appName":"dynamic-thread-pool-test-app","corePoolSize":20,"maximumPoolSize":50,"poolSize":0,"queueSize":0,"queueType":"LinkedBlockingDeque","remainingCapacity":5000,"threadPoolName":"threadPoolExecutor01"}
24-06-16.23:57:40.028 [scheduling-1    ] INFO  ThreadPoolDataReportJob - 线程池上报数据 {"activeCount":0,"appName":"dynamic-thread-pool-test-app","corePoolSize":20,"maximumPoolSize":50,"poolSize":0,"queueSize":0,"queueType":"LinkedBlockingDeque","remainingCapacity":5000,"threadPoolName":"threadPoolExecutor02"}
24-06-16.23:58:00.012 [scheduling-1    ] INFO  ThreadPoolDataReportJob - 线程池上报数据 [{"activeCount":0,"appName":"dynamic-thread-pool-test-app","corePoolSize":20,"maximumPoolSize":50,"poolSize":0,"queueSize":0,"queueType":"LinkedBlockingDeque","remainingCapacity":5000,"threadPoolName":"threadPoolExecutor01"},{"activeCount":0,"appName":"dynamic-thread-pool-test-app","corePoolSize":20,"maximumPoolSize":50,"poolSize":0,"queueSize":0,"queueType":"LinkedBlockingDeque","remainingCapacity":5000,"threadPoolName":"threadPoolExecutor02"}]
24-06-16.23:58:00.015 [scheduling-1    ] INFO  ThreadPoolDataReportJob - 线程池上报数据 {"activeCount":0,"appName":"dynamic-thread-pool-test-app","corePoolSize":20,"maximumPoolSize":50,"poolSize":0,"queueSize":0,"queueType":"LinkedBlockingDeque","remainingCapacity":5000,"threadPoolName":"threadPoolExecutor01"}
24-06-16.23:58:00.017 [scheduling-1    ] INFO  ThreadPoolDataReportJob - 线程池上报数据 {"activeCount":0,"appName":"dynamic-thread-pool-test-app","corePoolSize":20,"maximumPoolSize":50,"poolSize":0,"queueSize":0,"queueType":"LinkedBlockingDeque","remainingCapacity":5000,"threadPoolName":"threadPoolExecutor02"}
24-06-16.23:58:20.009 [scheduling-1    ] INFO  ThreadPoolDataReportJob - 线程池上报数据 [{"activeCount":0,"appName":"dynamic-thread-pool-test-app","corePoolSize":20,"maximumPoolSize":50,"poolSize":0,"queueSize":0,"queueType":"LinkedBlockingDeque","remainingCapacity":5000,"threadPoolName":"threadPoolExecutor01"},{"activeCount":0,"appName":"dynamic-thread-pool-test-app","corePoolSize":20,"maximumPoolSize":50,"poolSize":0,"queueSize":0,"queueType":"LinkedBlockingDeque","remainingCapacity":5000,"threadPoolName":"threadPoolExecutor02"}]
24-06-16.23:58:20.012 [scheduling-1    ] INFO  ThreadPoolDataReportJob - 线程池上报数据 {"activeCount":0,"appName":"dynamic-thread-pool-test-app","corePoolSize":20,"maximumPoolSize":50,"poolSize":0,"queueSize":0,"queueType":"LinkedBlockingDeque","remainingCapacity":5000,"threadPoolName":"threadPoolExecutor01"}
24-06-16.23:58:20.015 [scheduling-1    ] INFO  ThreadPoolDataReportJob - 线程池上报数据 {"activeCount":0,"appName":"dynamic-thread-pool-test-app","corePoolSize":20,"maximumPoolSize":50,"poolSize":0,"queueSize":0,"queueType":"LinkedBlockingDeque","remainingCapacity":5000,"threadPoolName":"threadPoolExecutor02"}
24-06-16.23:58:40.020 [scheduling-1    ] INFO  ThreadPoolDataReportJob - 线程池上报数据 [{"activeCount":0,"appName":"dynamic-thread-pool-test-app","corePoolSize":20,"maximumPoolSize":50,"poolSize":0,"queueSize":0,"queueType":"LinkedBlockingDeque","remainingCapacity":5000,"threadPoolName":"threadPoolExecutor01"},{"activeCount":0,"appName":"dynamic-thread-pool-test-app","corePoolSize":20,"maximumPoolSize":50,"poolSize":0,"queueSize":0,"queueType":"LinkedBlockingDeque","remainingCapacity":5000,"threadPoolName":"threadPoolExecutor02"}]
24-06-16.23:58:40.023 [scheduling-1    ] INFO  ThreadPoolDataReportJob - 线程池上报数据 {"activeCount":0,"appName":"dynamic-thread-pool-test-app","corePoolSize":20,"maximumPoolSize":50,"poolSize":0,"queueSize":0,"queueType":"LinkedBlockingDeque","remainingCapacity":5000,"threadPoolName":"threadPoolExecutor01"}
24-06-16.23:58:40.026 [scheduling-1    ] INFO  ThreadPoolDataReportJob - 线程池上报数据 {"activeCount":0,"appName":"dynamic-thread-pool-test-app","corePoolSize":20,"maximumPoolSize":50,"poolSize":0,"queueSize":0,"queueType":"LinkedBlockingDeque","remainingCapacity":5000,"threadPoolName":"threadPoolExecutor02"}
